#
# There is insufficient memory for the Java Runtime Environment to continue.
# Native memory allocation (malloc) failed to allocate 1998736 bytes for Chunk::new
# Possible reasons:
#   The system is out of physical RAM or swap space
#   The process is running with CompressedOops enabled, and the Java Heap may be blocking the growth of the native heap
# Possible solutions:
#   Reduce memory load on the system
#   Increase physical memory or swap space
#   Check if swap backing store is full
#   Decrease Java heap size (-Xmx/-Xms)
#   Decrease number of Java threads
#   Decrease Java thread stack sizes (-Xss)
#   Set larger code cache with -XX:ReservedCodeCacheSize=
#   JVM is running with Unscaled Compressed Oops mode in which the Java heap is
#     placed in the first 4GB address space. The Java Heap base address is the
#     maximum limit for the native heap growth. Please use -XX:HeapBaseMinAddress
#     to set the Java Heap base and to place the Java Heap above 4GB virtual address.
# This output file may be truncated or incomplete.
#
#  Out of Memory Error (t:/workspace/open/src/hotspot/share/memory/arena.cpp:197), pid=22156, tid=1328
#
# JRE version: OpenJDK Runtime Environment (11.0.2+9) (build 11.0.2+9)
# Java VM: OpenJDK 64-Bit Server VM (11.0.2+9, mixed mode, tiered, compressed oops, g1 gc, windows-amd64)
# No core dump will be written. Minidumps are not enabled by default on client versions of Windows
#

---------------  S U M M A R Y ------------

Command Line: -XX:MaxMetaspaceSize=512m --add-opens=java.base/java.util=ALL-UNNAMED --add-opens=java.base/java.lang=ALL-UNNAMED --add-opens=java.base/java.lang.invoke=ALL-UNNAMED --add-opens=java.prefs/java.util.prefs=ALL-UNNAMED --add-opens=java.base/java.nio.charset=ALL-UNNAMED --add-opens=java.base/java.net=ALL-UNNAMED --add-opens=java.base/java.util.concurrent.atomic=ALL-UNNAMED -Xmx2048m -Dfile.encoding=utf8 -Duser.country=IN -Duser.language=en -Duser.variant org.gradle.launcher.daemon.bootstrap.GradleDaemon 8.0.1

Host: AMD Ryzen 5 4500U with Radeon Graphics         , 6 cores, 7G,  Windows 10 , 64 bit Build 23536 (10.0.23536.1000)
Time: Wed Sep 13 09:33:55 2023 India Standard Time elapsed time: 87 seconds (0d 0h 1m 27s)

---------------  T H R E A D  ---------------

Current thread (0x00000240dcfd8800):  JavaThread "C2 CompilerThread1" daemon [_thread_in_native, id=1328, stack(0x0000004bc4700000,0x0000004bc4800000)]


Current CompileTask:
C2:  87577 15100   !   4       java.io.ObjectOutputStream::writeObject0 (619 bytes)

Stack: [0x0000004bc4700000,0x0000004bc4800000]
Native frames: (J=compiled Java code, j=interpreted, Vv=VM code, C=native code)
V  [jvm.dll+0x63489a]
V  [jvm.dll+0x771f9f]
V  [jvm.dll+0x773648]
V  [jvm.dll+0x773d03]
V  [jvm.dll+0x25eba8]
V  [jvm.dll+0xc2191]
V  [jvm.dll+0xc271c]
V  [jvm.dll+0x36cc47]
V  [jvm.dll+0x339b13]
V  [jvm.dll+0x338eea]
V  [jvm.dll+0x2189c5]
V  [jvm.dll+0x217b6a]
V  [jvm.dll+0x194370]
V  [jvm.dll+0x226b3f]
V  [jvm.dll+0x225148]
V  [jvm.dll+0x73774d]
V  [jvm.dll+0x633942]
C  [ucrtbase.dll+0x29363]
C  [KERNEL32.DLL+0x126ad]
C  [ntdll.dll+0x5aa78]


---------------  P R O C E S S  ---------------

Threads class SMR info:
_java_thread_list=0x00000240e0155400, length=110, elements={
0x00000240b54c7000, 0x00000240d3cf1000, 0x00000240d3cf2000, 0x00000240d4693800,
0x00000240d3d0e800, 0x00000240d3d0f800, 0x00000240d3d12000, 0x00000240d3d13000,
0x00000240d47d0800, 0x00000240d47ca000, 0x00000240d51e2800, 0x00000240d57a5000,
0x00000240d61fa000, 0x00000240d66b0800, 0x00000240d5a9b000, 0x00000240d4ca4800,
0x00000240d64e8800, 0x00000240d61f3000, 0x00000240d6503000, 0x00000240d6503800,
0x00000240d6505000, 0x00000240d6504800, 0x00000240d64ff800, 0x00000240d6506000,
0x00000240d6500800, 0x00000240d6501000, 0x00000240d6502000, 0x00000240d57aa800,
0x00000240d57ad000, 0x00000240d57ac000, 0x00000240d57ad800, 0x00000240d57ae800,
0x00000240d57ab000, 0x00000240d57a9000, 0x00000240d57a9800, 0x00000240d57b2800,
0x00000240d57b1000, 0x00000240d57b2000, 0x00000240d57b3800, 0x00000240d57b4000,
0x00000240d57b6000, 0x00000240d57b5000, 0x00000240d57b0000, 0x00000240d57b6800,
0x00000240d57b7800, 0x00000240d8d6a000, 0x00000240d8d6b800, 0x00000240d8d6c800,
0x00000240d8d70800, 0x00000240d8d6e000, 0x00000240d8d6b000, 0x00000240d8d73000,
0x00000240d8d6d000, 0x00000240d8d71800, 0x00000240d8d6f800, 0x00000240d8d6f000,
0x00000240d8d73800, 0x00000240d8d77000, 0x00000240d8d74800, 0x00000240d8d72000,
0x00000240d8d75800, 0x00000240d8d78000, 0x00000240d8d78800, 0x00000240d8d76000,
0x00000240dadfd800, 0x00000240dadfe000, 0x00000240dadf8800, 0x00000240dadfc800,
0x00000240dadff000, 0x00000240dadfc000, 0x00000240dadf9800, 0x00000240dadfa000,
0x00000240dae00000, 0x00000240dae00800, 0x00000240dadfb000, 0x00000240dae05800,
0x00000240dae03000, 0x00000240dae07000, 0x00000240dae01800, 0x00000240dae06800,
0x00000240dae04000, 0x00000240dae02800, 0x00000240dae05000, 0x00000240dccc5800,
0x00000240dccc3800, 0x00000240dccc6000, 0x00000240dccc7000, 0x00000240dccc4800,
0x00000240dccc3000, 0x00000240dccc1000, 0x00000240dccc7800, 0x00000240dccc2000,
0x00000240dcccc000, 0x00000240dcccc800, 0x00000240dcccd800, 0x00000240dccce800,
0x00000240dccc8800, 0x00000240dcccf000, 0x00000240dccc9800, 0x00000240dccd0000,
0x00000240dccca000, 0x00000240dcccb000, 0x00000240dcfd7000, 0x00000240dcfd8000,
0x00000240dcfdb000, 0x00000240dcfdc000, 0x00000240dcfd6000, 0x00000240dcfdc800,
0x00000240dcfd8800, 0x00000240dcfde800
}

Java Threads: ( => current thread )
  0x00000240b54c7000 JavaThread "main" [_thread_blocked, id=17852, stack(0x0000004bc4a00000,0x0000004bc4b00000)]
  0x00000240d3cf1000 JavaThread "Reference Handler" daemon [_thread_blocked, id=12164, stack(0x0000004bc5100000,0x0000004bc5200000)]
  0x00000240d3cf2000 JavaThread "Finalizer" daemon [_thread_blocked, id=21640, stack(0x0000004bc5200000,0x0000004bc5300000)]
  0x00000240d4693800 JavaThread "Signal Dispatcher" daemon [_thread_blocked, id=7300, stack(0x0000004bc5300000,0x0000004bc5400000)]
  0x00000240d3d0e800 JavaThread "Attach Listener" daemon [_thread_blocked, id=6408, stack(0x0000004bc5400000,0x0000004bc5500000)]
  0x00000240d3d0f800 JavaThread "C2 CompilerThread0" daemon [_thread_in_native, id=22456, stack(0x0000004bc5500000,0x0000004bc5600000)]
  0x00000240d3d12000 JavaThread "C1 CompilerThread0" daemon [_thread_blocked, id=14420, stack(0x0000004bc5600000,0x0000004bc5700000)]
  0x00000240d3d13000 JavaThread "Sweeper thread" daemon [_thread_blocked, id=15364, stack(0x0000004bc5700000,0x0000004bc5800000)]
  0x00000240d47d0800 JavaThread "Common-Cleaner" daemon [_thread_blocked, id=6188, stack(0x0000004bc5800000,0x0000004bc5900000)]
  0x00000240d47ca000 JavaThread "Service Thread" daemon [_thread_blocked, id=4892, stack(0x0000004bc5900000,0x0000004bc5a00000)]
  0x00000240d51e2800 JavaThread "Daemon health stats" [_thread_blocked, id=7476, stack(0x0000004bc5c00000,0x0000004bc5d00000)]
  0x00000240d57a5000 JavaThread "Incoming local TCP Connector on port 58159" [_thread_in_native, id=20680, stack(0x0000004bc5f00000,0x0000004bc6000000)]
  0x00000240d61fa000 JavaThread "Daemon periodic checks" [_thread_blocked, id=5776, stack(0x0000004bc6000000,0x0000004bc6100000)]
  0x00000240d66b0800 JavaThread "Daemon" [_thread_blocked, id=11292, stack(0x0000004bc6100000,0x0000004bc6200000)]
  0x00000240d5a9b000 JavaThread "Handler for socket connection from /127.0.0.1:58159 to /127.0.0.1:58160" [_thread_in_native, id=1460, stack(0x0000004bc6200000,0x0000004bc6300000)]
  0x00000240d4ca4800 JavaThread "Cancel handler" [_thread_blocked, id=13376, stack(0x0000004bc6300000,0x0000004bc6400000)]
  0x00000240d64e8800 JavaThread "Daemon worker" [_thread_in_native, id=21972, stack(0x0000004bc6400000,0x0000004bc6500000)]
  0x00000240d61f3000 JavaThread "Asynchronous log dispatcher for DefaultDaemonConnection: socket connection from /127.0.0.1:58159 to /127.0.0.1:58160" [_thread_blocked, id=10364, stack(0x0000004bc6500000,0x0000004bc6600000)]
  0x00000240d6503000 JavaThread "Daemon client event forwarder" [_thread_blocked, id=22212, stack(0x0000004bc6700000,0x0000004bc6800000)]
  0x00000240d6503800 JavaThread "Cache worker for journal cache (C:\Users\souvik\.gradle\caches\journal-1)" [_thread_blocked, id=3192, stack(0x0000004bc6b00000,0x0000004bc6c00000)]
  0x00000240d6505000 JavaThread "File lock request listener" [_thread_in_native, id=1392, stack(0x0000004bc6c00000,0x0000004bc6d00000)]
  0x00000240d6504800 JavaThread "Cache worker for file hash cache (C:\Users\souvik\.gradle\caches\8.0.1\fileHashes)" [_thread_blocked, id=10108, stack(0x0000004bc6d00000,0x0000004bc6e00000)]
  0x00000240d64ff800 JavaThread "File watcher server" daemon [_thread_in_native, id=16292, stack(0x0000004bc6f00000,0x0000004bc7000000)]
  0x00000240d6506000 JavaThread "File watcher consumer" daemon [_thread_blocked, id=20700, stack(0x0000004bc7000000,0x0000004bc7100000)]
  0x00000240d6500800 JavaThread "jar transforms" [_thread_blocked, id=9604, stack(0x0000004bc7100000,0x0000004bc7200000)]
  0x00000240d6501000 JavaThread "jar transforms Thread 2" [_thread_blocked, id=17468, stack(0x0000004bc7200000,0x0000004bc7300000)]
  0x00000240d6502000 JavaThread "Cache worker for checksums cache (D:\Froker\AppV2\android\.gradle\8.0.1\checksums)" [_thread_blocked, id=20532, stack(0x0000004bc7300000,0x0000004bc7400000)]
  0x00000240d57aa800 JavaThread "Cache worker for cache directory md-rule (C:\Users\souvik\.gradle\caches\8.0.1\md-rule)" [_thread_blocked, id=11336, stack(0x0000004bc6e00000,0x0000004bc6f00000)]
  0x00000240d57ad000 JavaThread "Cache worker for file content cache (C:\Users\souvik\.gradle\caches\8.0.1\fileContent)" [_thread_blocked, id=19024, stack(0x0000004bc7400000,0x0000004bc7500000)]
  0x00000240d57ac000 JavaThread "Cache worker for file hash cache (D:\Froker\AppV2\android\.gradle\8.0.1\fileHashes)" [_thread_blocked, id=19320, stack(0x0000004bc7500000,0x0000004bc7600000)]
  0x00000240d57ad800 JavaThread "Cache worker for cache directory md-supplier (C:\Users\souvik\.gradle\caches\8.0.1\md-supplier)" [_thread_blocked, id=3396, stack(0x0000004bc7600000,0x0000004bc7700000)]
  0x00000240d57ae800 JavaThread "Cache worker for execution history cache (C:\Users\souvik\.gradle\caches\8.0.1\executionHistory)" [_thread_blocked, id=14844, stack(0x0000004bc7700000,0x0000004bc7800000)]
  0x00000240d57ab000 JavaThread "jar transforms Thread 3" [_thread_blocked, id=22376, stack(0x0000004bc7800000,0x0000004bc7900000)]
  0x00000240d57a9000 JavaThread "jar transforms Thread 4" [_thread_blocked, id=15304, stack(0x0000004bc7a00000,0x0000004bc7b00000)]
  0x00000240d57a9800 JavaThread "jar transforms Thread 5" [_thread_blocked, id=12140, stack(0x0000004bc7b00000,0x0000004bc7c00000)]
  0x00000240d57b2800 JavaThread "jar transforms Thread 6" [_thread_blocked, id=14952, stack(0x0000004bc7c00000,0x0000004bc7d00000)]
  0x00000240d57b1000 JavaThread "Cache worker for kotlin-dsl (C:\Users\souvik\.gradle\caches\8.0.1\kotlin-dsl)" [_thread_blocked, id=7692, stack(0x0000004bc7d00000,0x0000004bc7e00000)]
  0x00000240d57b2000 JavaThread "Cache worker for dependencies-accessors (D:\Froker\AppV2\android\.gradle\8.0.1\dependencies-accessors)" [_thread_blocked, id=12024, stack(0x0000004bc7e00000,0x0000004bc7f00000)]
  0x00000240d57b3800 JavaThread "Cache worker for Build Output Cleanup Cache (D:\Froker\AppV2\android\.gradle\buildOutputCleanup)" [_thread_blocked, id=15852, stack(0x0000004bc7900000,0x0000004bc7a00000)]
  0x00000240d57b4000 JavaThread "Cache worker for Build Output Cleanup Cache (D:\Froker\AppV2\node_modules\@react-native\gradle-plugin\.gradle\buildOutputCleanup)" [_thread_blocked, id=16060, stack(0x0000004bc7f00000,0x0000004bc8000000)]
  0x00000240d57b6000 JavaThread "Unconstrained build operations" [_thread_blocked, id=14236, stack(0x0000004bc8000000,0x0000004bc8100000)]
  0x00000240d57b5000 JavaThread "Unconstrained build operations Thread 2" [_thread_blocked, id=16024, stack(0x0000004bc8100000,0x0000004bc8200000)]
  0x00000240d57b0000 JavaThread "Unconstrained build operations Thread 3" [_thread_blocked, id=21536, stack(0x0000004bc8200000,0x0000004bc8300000)]
  0x00000240d57b6800 JavaThread "Unconstrained build operations Thread 4" [_thread_blocked, id=22064, stack(0x0000004bc8300000,0x0000004bc8400000)]
  0x00000240d57b7800 JavaThread "Unconstrained build operations Thread 5" [_thread_blocked, id=10792, stack(0x0000004bc8400000,0x0000004bc8500000)]
  0x00000240d8d6a000 JavaThread "Unconstrained build operations Thread 6" [_thread_blocked, id=21580, stack(0x0000004bc8500000,0x0000004bc8600000)]
  0x00000240d8d6b800 JavaThread "Unconstrained build operations Thread 7" [_thread_blocked, id=20948, stack(0x0000004bc8600000,0x0000004bc8700000)]
  0x00000240d8d6c800 JavaThread "Unconstrained build operations Thread 8" [_thread_blocked, id=19464, stack(0x0000004bc8700000,0x0000004bc8800000)]
  0x00000240d8d70800 JavaThread "Unconstrained build operations Thread 9" [_thread_blocked, id=7096, stack(0x0000004bc8800000,0x0000004bc8900000)]
  0x00000240d8d6e000 JavaThread "Unconstrained build operations Thread 10" [_thread_blocked, id=15660, stack(0x0000004bc8900000,0x0000004bc8a00000)]
  0x00000240d8d6b000 JavaThread "Unconstrained build operations Thread 11" [_thread_blocked, id=4668, stack(0x0000004bc8a00000,0x0000004bc8b00000)]
  0x00000240d8d73000 JavaThread "Unconstrained build operations Thread 12" [_thread_blocked, id=10748, stack(0x0000004bc8b00000,0x0000004bc8c00000)]
  0x00000240d8d6d000 JavaThread "Unconstrained build operations Thread 13" [_thread_blocked, id=21496, stack(0x0000004bc8c00000,0x0000004bc8d00000)]
  0x00000240d8d71800 JavaThread "Unconstrained build operations Thread 14" [_thread_blocked, id=16168, stack(0x0000004bc8d00000,0x0000004bc8e00000)]
  0x00000240d8d6f800 JavaThread "Unconstrained build operations Thread 15" [_thread_blocked, id=5580, stack(0x0000004bc8e00000,0x0000004bc8f00000)]
  0x00000240d8d6f000 JavaThread "Unconstrained build operations Thread 16" [_thread_blocked, id=17740, stack(0x0000004bc8f00000,0x0000004bc9000000)]
  0x00000240d8d73800 JavaThread "Unconstrained build operations Thread 17" [_thread_blocked, id=22524, stack(0x0000004bc9000000,0x0000004bc9100000)]
  0x00000240d8d77000 JavaThread "Unconstrained build operations Thread 18" [_thread_blocked, id=10600, stack(0x0000004bc9100000,0x0000004bc9200000)]
  0x00000240d8d74800 JavaThread "Unconstrained build operations Thread 19" [_thread_blocked, id=18920, stack(0x0000004bc9200000,0x0000004bc9300000)]
  0x00000240d8d72000 JavaThread "Unconstrained build operations Thread 20" [_thread_blocked, id=4340, stack(0x0000004bc9300000,0x0000004bc9400000)]
  0x00000240d8d75800 JavaThread "Unconstrained build operations Thread 21" [_thread_blocked, id=15284, stack(0x0000004bc9400000,0x0000004bc9500000)]
  0x00000240d8d78000 JavaThread "Unconstrained build operations Thread 22" [_thread_blocked, id=7240, stack(0x0000004bc9500000,0x0000004bc9600000)]
  0x00000240d8d78800 JavaThread "Unconstrained build operations Thread 23" [_thread_blocked, id=6428, stack(0x0000004bc9600000,0x0000004bc9700000)]
  0x00000240d8d76000 JavaThread "Unconstrained build operations Thread 24" [_thread_blocked, id=22080, stack(0x0000004bc9700000,0x0000004bc9800000)]
  0x00000240dadfd800 JavaThread "Unconstrained build operations Thread 25" [_thread_blocked, id=19232, stack(0x0000004bc9800000,0x0000004bc9900000)]
  0x00000240dadfe000 JavaThread "Unconstrained build operations Thread 26" [_thread_blocked, id=8824, stack(0x0000004bc9900000,0x0000004bc9a00000)]
  0x00000240dadf8800 JavaThread "Memory manager" [_thread_blocked, id=10476, stack(0x0000004bc9b00000,0x0000004bc9c00000)]
  0x00000240dadfc800 JavaThread "included builds" [_thread_blocked, id=13896, stack(0x0000004bc9e00000,0x0000004bc9f00000)]
  0x00000240dadff000 JavaThread "Execution worker" [_thread_blocked, id=8560, stack(0x0000004bc9f00000,0x0000004bca000000)]
  0x00000240dadfc000 JavaThread "Execution worker Thread 2" [_thread_blocked, id=20968, stack(0x0000004bca000000,0x0000004bca100000)]
  0x00000240dadf9800 JavaThread "Execution worker Thread 3" [_thread_blocked, id=16228, stack(0x0000004bca100000,0x0000004bca200000)]
  0x00000240dadfa000 JavaThread "Execution worker Thread 4" [_thread_blocked, id=14600, stack(0x0000004bca200000,0x0000004bca300000)]
  0x00000240dae00000 JavaThread "Execution worker Thread 5" [_thread_blocked, id=18168, stack(0x0000004bca300000,0x0000004bca400000)]
  0x00000240dae00800 JavaThread "Cache worker for execution history cache (D:\Froker\AppV2\node_modules\@react-native\gradle-plugin\.gradle\8.0.1\executionHistory)" [_thread_blocked, id=21728, stack(0x0000004bca400000,0x0000004bca500000)]
  0x00000240dadfb000 JavaThread "Unconstrained build operations Thread 27" [_thread_blocked, id=4372, stack(0x0000004bca500000,0x0000004bca600000)]
  0x00000240dae05800 JavaThread "Unconstrained build operations Thread 28" [_thread_blocked, id=1508, stack(0x0000004bca600000,0x0000004bca700000)]
  0x00000240dae03000 JavaThread "Unconstrained build operations Thread 29" [_thread_blocked, id=16088, stack(0x0000004bca700000,0x0000004bca800000)]
  0x00000240dae07000 JavaThread "Unconstrained build operations Thread 30" [_thread_blocked, id=22492, stack(0x0000004bca800000,0x0000004bca900000)]
  0x00000240dae01800 JavaThread "Unconstrained build operations Thread 31" [_thread_blocked, id=19732, stack(0x0000004bca900000,0x0000004bcaa00000)]
  0x00000240dae06800 JavaThread "Unconstrained build operations Thread 32" [_thread_blocked, id=7536, stack(0x0000004bcaa00000,0x0000004bcab00000)]
  0x00000240dae04000 JavaThread "Unconstrained build operations Thread 33" [_thread_blocked, id=16008, stack(0x0000004bcab00000,0x0000004bcac00000)]
  0x00000240dae02800 JavaThread "Unconstrained build operations Thread 34" [_thread_blocked, id=11052, stack(0x0000004bcac00000,0x0000004bcad00000)]
  0x00000240dae05000 JavaThread "Unconstrained build operations Thread 35" [_thread_blocked, id=10444, stack(0x0000004bcad00000,0x0000004bcae00000)]
  0x00000240dccc5800 JavaThread "Unconstrained build operations Thread 36" [_thread_blocked, id=16440, stack(0x0000004bcae00000,0x0000004bcaf00000)]
  0x00000240dccc3800 JavaThread "Unconstrained build operations Thread 37" [_thread_blocked, id=9748, stack(0x0000004bcaf00000,0x0000004bcb000000)]
  0x00000240dccc6000 JavaThread "Unconstrained build operations Thread 38" [_thread_blocked, id=18636, stack(0x0000004bcb000000,0x0000004bcb100000)]
  0x00000240dccc7000 JavaThread "Unconstrained build operations Thread 39" [_thread_blocked, id=19380, stack(0x0000004bcb100000,0x0000004bcb200000)]
  0x00000240dccc4800 JavaThread "Unconstrained build operations Thread 40" [_thread_blocked, id=22472, stack(0x0000004bcb200000,0x0000004bcb300000)]
  0x00000240dccc3000 JavaThread "Unconstrained build operations Thread 41" [_thread_blocked, id=20096, stack(0x0000004bcb300000,0x0000004bcb400000)]
  0x00000240dccc1000 JavaThread "Unconstrained build operations Thread 42" [_thread_blocked, id=16276, stack(0x0000004bcb400000,0x0000004bcb500000)]
  0x00000240dccc7800 JavaThread "Unconstrained build operations Thread 43" [_thread_blocked, id=12652, stack(0x0000004bcb500000,0x0000004bcb600000)]
  0x00000240dccc2000 JavaThread "Unconstrained build operations Thread 44" [_thread_blocked, id=20832, stack(0x0000004bcb600000,0x0000004bcb700000)]
  0x00000240dcccc000 JavaThread "Unconstrained build operations Thread 45" [_thread_blocked, id=16428, stack(0x0000004bcb700000,0x0000004bcb800000)]
  0x00000240dcccc800 JavaThread "Unconstrained build operations Thread 46" [_thread_blocked, id=7848, stack(0x0000004bcb800000,0x0000004bcb900000)]
  0x00000240dcccd800 JavaThread "Unconstrained build operations Thread 47" [_thread_blocked, id=7920, stack(0x0000004bcb900000,0x0000004bcba00000)]
  0x00000240dccce800 JavaThread "Unconstrained build operations Thread 48" [_thread_blocked, id=20784, stack(0x0000004bcba00000,0x0000004bcbb00000)]
  0x00000240dccc8800 JavaThread "Unconstrained build operations Thread 49" [_thread_blocked, id=13464, stack(0x0000004bcbb00000,0x0000004bcbc00000)]
  0x00000240dcccf000 JavaThread "Unconstrained build operations Thread 50" [_thread_blocked, id=10876, stack(0x0000004bcbc00000,0x0000004bcbd00000)]
  0x00000240dccc9800 JavaThread "Unconstrained build operations Thread 51" [_thread_blocked, id=13900, stack(0x0000004bcbd00000,0x0000004bcbe00000)]
  0x00000240dccd0000 JavaThread "Unconstrained build operations Thread 52" [_thread_blocked, id=22424, stack(0x0000004bcbe00000,0x0000004bcbf00000)]
  0x00000240dccca000 JavaThread "Unconstrained build operations Thread 53" [_thread_blocked, id=21144, stack(0x0000004bcbf00000,0x0000004bcc000000)]
  0x00000240dcccb000 JavaThread "Unconstrained build operations Thread 54" [_thread_blocked, id=15820, stack(0x0000004bcc000000,0x0000004bcc100000)]
  0x00000240dcfd7000 JavaThread "Unconstrained build operations Thread 55" [_thread_blocked, id=20068, stack(0x0000004bcc100000,0x0000004bcc200000)]
  0x00000240dcfd8000 JavaThread "Unconstrained build operations Thread 56" [_thread_blocked, id=8352, stack(0x0000004bcc200000,0x0000004bcc300000)]
  0x00000240dcfdb000 JavaThread "Unconstrained build operations Thread 57" [_thread_blocked, id=8564, stack(0x0000004bcc300000,0x0000004bcc400000)]
  0x00000240dcfdc000 JavaThread "Unconstrained build operations Thread 58" [_thread_blocked, id=5040, stack(0x0000004bcc400000,0x0000004bcc500000)]
  0x00000240dcfd6000 JavaThread "Unconstrained build operations Thread 59" [_thread_blocked, id=11908, stack(0x0000004bcc500000,0x0000004bcc600000)]
  0x00000240dcfdc800 JavaThread "Unconstrained build operations Thread 60" [_thread_blocked, id=11488, stack(0x0000004bcc600000,0x0000004bcc700000)]
=>0x00000240dcfd8800 JavaThread "C2 CompilerThread1" daemon [_thread_in_native, id=1328, stack(0x0000004bc4700000,0x0000004bc4800000)]
  0x00000240dcfde800 JavaThread "pool-3-thread-1" [_thread_blocked, id=9088, stack(0x0000004bc4800000,0x0000004bc4900000)]

Other Threads:
  0x00000240d3ced000 VMThread "VM Thread" [stack: 0x0000004bc5000000,0x0000004bc5100000] [id=8404]
  0x00000240d47cb000 WatcherThread [stack: 0x0000004bc5a00000,0x0000004bc5b00000] [id=16320]
  0x00000240b54dd000 GCTaskThread "GC Thread#0" [stack: 0x0000004bc4b00000,0x0000004bc4c00000] [id=18860]
  0x00000240d524e800 GCTaskThread "GC Thread#1" [stack: 0x0000004bc5b00000,0x0000004bc5c00000] [id=22520]
  0x00000240d6b1a000 GCTaskThread "GC Thread#2" [stack: 0x0000004bc5d00000,0x0000004bc5e00000] [id=18956]
  0x00000240d5e0d800 GCTaskThread "GC Thread#3" [stack: 0x0000004bc5e00000,0x0000004bc5f00000] [id=6196]
  0x00000240d655f800 GCTaskThread "GC Thread#4" [stack: 0x0000004bc6800000,0x0000004bc6900000] [id=10648]
  0x00000240d5b8c800 GCTaskThread "GC Thread#5" [stack: 0x0000004bc6900000,0x0000004bc6a00000] [id=21792]
  0x00000240b550c800 ConcurrentGCThread "G1 Main Marker" [stack: 0x0000004bc4c00000,0x0000004bc4d00000] [id=6300]
  0x00000240b550e800 ConcurrentGCThread "G1 Conc#0" [stack: 0x0000004bc4d00000,0x0000004bc4e00000] [id=4548]
  0x00000240d4a45000 ConcurrentGCThread "G1 Conc#1" [stack: 0x0000004bc6a00000,0x0000004bc6b00000] [id=8172]
  0x00000240d3b60800 ConcurrentGCThread "G1 Refine#0" [stack: 0x0000004bc4e00000,0x0000004bc4f00000] [id=6328]
  0x00000240d3b61800 ConcurrentGCThread "G1 Young RemSet Sampling" [stack: 0x0000004bc4f00000,0x0000004bc5000000] [id=9500]

Threads with active compile tasks:
C2 CompilerThread015093       4       java.io.ObjectOutputStream::writeClassDesc (60 bytes)
C2 CompilerThread115100   !   4       java.io.ObjectOutputStream::writeObject0 (619 bytes)

VM state:not at safepoint (normal execution)

VM Mutex/Monitor currently owned by a thread: None

Heap address: 0x0000000080000000, size: 2048 MB, Compressed Oops mode: 32-bit
Narrow klass base: 0x0000000000000000, Narrow klass shift: 3
Compressed class space size: 528482304 Address: 0x0000000100000000

Heap:
 garbage-first heap   total 307200K, used 253509K [0x0000000080000000, 0x0000000100000000)
  region size 1024K, 19 young (19456K), 3 survivors (3072K)
 Metaspace       used 116114K, capacity 123015K, committed 123260K, reserved 622592K
  class space    used 15392K, capacity 17904K, committed 17920K, reserved 516096K
Heap Regions: E=young(eden), S=young(survivor), O=old, HS=humongous(starts), HC=humongous(continues), CS=collection set, F=free, A=archive, TAMS=top-at-mark-start (previous, next)
|   0|0x0000000080000000, 0x0000000080100000, 0x0000000080100000|100%|HS|  |TAMS 0x0000000080100000, 0x0000000080000000| Complete 
|   1|0x0000000080100000, 0x0000000080200000, 0x0000000080200000|100%|HC|  |TAMS 0x0000000080200000, 0x0000000080100000| Complete 
|   2|0x0000000080200000, 0x0000000080300000, 0x0000000080300000|100%|HC|  |TAMS 0x0000000080300000, 0x0000000080200000| Complete 
|   3|0x0000000080300000, 0x0000000080400000, 0x0000000080400000|100%|HC|  |TAMS 0x0000000080400000, 0x0000000080300000| Complete 
|   4|0x0000000080400000, 0x0000000080500000, 0x0000000080500000|100%| O|  |TAMS 0x0000000080500000, 0x0000000080400000| Untracked 
|   5|0x0000000080500000, 0x0000000080600000, 0x0000000080600000|100%| O|  |TAMS 0x0000000080600000, 0x0000000080500000| Untracked 
|   6|0x0000000080600000, 0x0000000080700000, 0x0000000080700000|100%| O|  |TAMS 0x0000000080700000, 0x0000000080600000| Untracked 
|   7|0x0000000080700000, 0x0000000080800000, 0x0000000080800000|100%| O|  |TAMS 0x0000000080800000, 0x0000000080700000| Untracked 
|   8|0x0000000080800000, 0x0000000080900000, 0x0000000080900000|100%| O|  |TAMS 0x0000000080900000, 0x0000000080800000| Untracked 
|   9|0x0000000080900000, 0x0000000080a00000, 0x0000000080a00000|100%| O|  |TAMS 0x0000000080a00000, 0x0000000080900000| Untracked 
|  10|0x0000000080a00000, 0x0000000080b00000, 0x0000000080b00000|100%| O|  |TAMS 0x0000000080b00000, 0x0000000080a00000| Untracked 
|  11|0x0000000080b00000, 0x0000000080c00000, 0x0000000080c00000|100%| O|  |TAMS 0x0000000080c00000, 0x0000000080b00000| Untracked 
|  12|0x0000000080c00000, 0x0000000080d00000, 0x0000000080d00000|100%| O|  |TAMS 0x0000000080d00000, 0x0000000080c00000| Untracked 
|  13|0x0000000080d00000, 0x0000000080e00000, 0x0000000080e00000|100%| O|  |TAMS 0x0000000080e00000, 0x0000000080d00000| Untracked 
|  14|0x0000000080e00000, 0x0000000080f00000, 0x0000000080f00000|100%| O|  |TAMS 0x0000000080f00000, 0x0000000080e00000| Untracked 
|  15|0x0000000080f00000, 0x0000000081000000, 0x0000000081000000|100%| O|  |TAMS 0x0000000081000000, 0x0000000080f00000| Untracked 
|  16|0x0000000081000000, 0x0000000081100000, 0x0000000081100000|100%| O|  |TAMS 0x0000000081100000, 0x0000000081000000| Untracked 
|  17|0x0000000081100000, 0x0000000081200000, 0x0000000081200000|100%| O|  |TAMS 0x0000000081200000, 0x0000000081100000| Untracked 
|  18|0x0000000081200000, 0x0000000081300000, 0x0000000081300000|100%| O|  |TAMS 0x0000000081300000, 0x0000000081200000| Untracked 
|  19|0x0000000081300000, 0x0000000081400000, 0x0000000081400000|100%| O|  |TAMS 0x0000000081400000, 0x0000000081300000| Untracked 
|  20|0x0000000081400000, 0x0000000081500000, 0x0000000081500000|100%| O|  |TAMS 0x0000000081500000, 0x0000000081400000| Untracked 
|  21|0x0000000081500000, 0x0000000081600000, 0x0000000081600000|100%| O|  |TAMS 0x0000000081600000, 0x0000000081500000| Untracked 
|  22|0x0000000081600000, 0x0000000081700000, 0x0000000081700000|100%| O|  |TAMS 0x0000000081700000, 0x0000000081600000| Untracked 
|  23|0x0000000081700000, 0x0000000081800000, 0x0000000081800000|100%| O|  |TAMS 0x0000000081800000, 0x0000000081700000| Untracked 
|  24|0x0000000081800000, 0x0000000081900000, 0x0000000081900000|100%| O|  |TAMS 0x0000000081900000, 0x0000000081800000| Untracked 
|  25|0x0000000081900000, 0x0000000081a00000, 0x0000000081a00000|100%| O|  |TAMS 0x0000000081a00000, 0x0000000081900000| Untracked 
|  26|0x0000000081a00000, 0x0000000081b00000, 0x0000000081b00000|100%| O|  |TAMS 0x0000000081b00000, 0x0000000081a00000| Untracked 
|  27|0x0000000081b00000, 0x0000000081c00000, 0x0000000081c00000|100%| O|  |TAMS 0x0000000081c00000, 0x0000000081b00000| Untracked 
|  28|0x0000000081c00000, 0x0000000081d00000, 0x0000000081d00000|100%| O|  |TAMS 0x0000000081d00000, 0x0000000081c00000| Untracked 
|  29|0x0000000081d00000, 0x0000000081e00000, 0x0000000081e00000|100%| O|  |TAMS 0x0000000081e00000, 0x0000000081d00000| Untracked 
|  30|0x0000000081e00000, 0x0000000081f00000, 0x0000000081f00000|100%| O|  |TAMS 0x0000000081f00000, 0x0000000081e00000| Untracked 
|  31|0x0000000081f00000, 0x0000000082000000, 0x0000000082000000|100%| O|  |TAMS 0x0000000082000000, 0x0000000081f00000| Untracked 
|  32|0x0000000082000000, 0x0000000082100000, 0x0000000082100000|100%| O|  |TAMS 0x0000000082100000, 0x0000000082000000| Untracked 
|  33|0x0000000082100000, 0x0000000082200000, 0x0000000082200000|100%| O|  |TAMS 0x0000000082200000, 0x0000000082100000| Untracked 
|  34|0x0000000082200000, 0x0000000082300000, 0x0000000082300000|100%| O|  |TAMS 0x0000000082300000, 0x0000000082200000| Untracked 
|  35|0x0000000082300000, 0x0000000082400000, 0x0000000082400000|100%|HS|  |TAMS 0x0000000082400000, 0x0000000082300000| Complete 
|  36|0x0000000082400000, 0x0000000082500000, 0x0000000082500000|100%|HC|  |TAMS 0x0000000082500000, 0x0000000082400000| Complete 
|  37|0x0000000082500000, 0x0000000082600000, 0x0000000082600000|100%|HS|  |TAMS 0x0000000082600000, 0x0000000082500000| Complete 
|  38|0x0000000082600000, 0x0000000082700000, 0x0000000082700000|100%|HC|  |TAMS 0x0000000082700000, 0x0000000082600000| Complete 
|  39|0x0000000082700000, 0x0000000082800000, 0x0000000082800000|100%|HC|  |TAMS 0x0000000082800000, 0x0000000082700000| Complete 
|  40|0x0000000082800000, 0x0000000082900000, 0x0000000082900000|100%|HC|  |TAMS 0x0000000082900000, 0x0000000082800000| Complete 
|  41|0x0000000082900000, 0x0000000082a00000, 0x0000000082a00000|100%| O|  |TAMS 0x0000000082a00000, 0x0000000082900000| Untracked 
|  42|0x0000000082a00000, 0x0000000082b00000, 0x0000000082b00000|100%| O|  |TAMS 0x0000000082b00000, 0x0000000082a00000| Untracked 
|  43|0x0000000082b00000, 0x0000000082c00000, 0x0000000082c00000|100%| O|  |TAMS 0x0000000082c00000, 0x0000000082b00000| Untracked 
|  44|0x0000000082c00000, 0x0000000082d00000, 0x0000000082d00000|100%| O|  |TAMS 0x0000000082d00000, 0x0000000082c00000| Untracked 
|  45|0x0000000082d00000, 0x0000000082e00000, 0x0000000082e00000|100%| O|  |TAMS 0x0000000082e00000, 0x0000000082d00000| Untracked 
|  46|0x0000000082e00000, 0x0000000082f00000, 0x0000000082f00000|100%| O|  |TAMS 0x0000000082f00000, 0x0000000082e00000| Untracked 
|  47|0x0000000082f00000, 0x0000000083000000, 0x0000000083000000|100%| O|  |TAMS 0x0000000083000000, 0x0000000082f00000| Untracked 
|  48|0x0000000083000000, 0x0000000083100000, 0x0000000083100000|100%| O|  |TAMS 0x0000000083100000, 0x0000000083000000| Untracked 
|  49|0x0000000083100000, 0x0000000083200000, 0x0000000083200000|100%| O|  |TAMS 0x0000000083200000, 0x0000000083100000| Untracked 
|  50|0x0000000083200000, 0x0000000083300000, 0x0000000083300000|100%| O|  |TAMS 0x0000000083300000, 0x0000000083200000| Untracked 
|  51|0x0000000083300000, 0x0000000083400000, 0x0000000083400000|100%| O|  |TAMS 0x0000000083400000, 0x0000000083300000| Untracked 
|  52|0x0000000083400000, 0x0000000083500000, 0x0000000083500000|100%| O|  |TAMS 0x0000000083500000, 0x0000000083400000| Untracked 
|  53|0x0000000083500000, 0x0000000083600000, 0x0000000083600000|100%| O|  |TAMS 0x0000000083600000, 0x0000000083500000| Untracked 
|  54|0x0000000083600000, 0x0000000083700000, 0x0000000083700000|100%| O|  |TAMS 0x0000000083700000, 0x0000000083600000| Untracked 
|  55|0x0000000083700000, 0x0000000083800000, 0x0000000083800000|100%| O|  |TAMS 0x0000000083800000, 0x0000000083700000| Untracked 
|  56|0x0000000083800000, 0x0000000083900000, 0x0000000083900000|100%| O|  |TAMS 0x0000000083900000, 0x0000000083800000| Untracked 
|  57|0x0000000083900000, 0x0000000083a00000, 0x0000000083a00000|100%| O|  |TAMS 0x0000000083a00000, 0x0000000083900000| Untracked 
|  58|0x0000000083a00000, 0x0000000083b00000, 0x0000000083b00000|100%| O|  |TAMS 0x0000000083b00000, 0x0000000083a00000| Untracked 
|  59|0x0000000083b00000, 0x0000000083c00000, 0x0000000083c00000|100%| O|  |TAMS 0x0000000083c00000, 0x0000000083b00000| Untracked 
|  60|0x0000000083c00000, 0x0000000083d00000, 0x0000000083d00000|100%| O|  |TAMS 0x0000000083d00000, 0x0000000083c00000| Untracked 
|  61|0x0000000083d00000, 0x0000000083e00000, 0x0000000083e00000|100%| O|  |TAMS 0x0000000083e00000, 0x0000000083d00000| Untracked 
|  62|0x0000000083e00000, 0x0000000083f00000, 0x0000000083f00000|100%| O|  |TAMS 0x0000000083f00000, 0x0000000083e00000| Untracked 
|  63|0x0000000083f00000, 0x0000000084000000, 0x0000000084000000|100%| O|  |TAMS 0x0000000084000000, 0x0000000083f00000| Untracked 
|  64|0x0000000084000000, 0x0000000084100000, 0x0000000084100000|100%|HS|  |TAMS 0x0000000084100000, 0x0000000084000000| Complete 
|  65|0x0000000084100000, 0x0000000084200000, 0x0000000084200000|100%|HS|  |TAMS 0x0000000084200000, 0x0000000084100000| Complete 
|  66|0x0000000084200000, 0x0000000084300000, 0x0000000084300000|100%| O|  |TAMS 0x0000000084300000, 0x0000000084200000| Untracked 
|  67|0x0000000084300000, 0x0000000084400000, 0x0000000084400000|100%| O|  |TAMS 0x0000000084400000, 0x0000000084300000| Untracked 
|  68|0x0000000084400000, 0x0000000084500000, 0x0000000084500000|100%| O|  |TAMS 0x0000000084500000, 0x0000000084400000| Untracked 
|  69|0x0000000084500000, 0x0000000084600000, 0x0000000084600000|100%| O|  |TAMS 0x0000000084600000, 0x0000000084500000| Untracked 
|  70|0x0000000084600000, 0x0000000084700000, 0x0000000084700000|100%| O|  |TAMS 0x0000000084700000, 0x0000000084600000| Untracked 
|  71|0x0000000084700000, 0x0000000084800000, 0x0000000084800000|100%| O|  |TAMS 0x0000000084800000, 0x0000000084700000| Untracked 
|  72|0x0000000084800000, 0x0000000084900000, 0x0000000084900000|100%| O|  |TAMS 0x0000000084900000, 0x0000000084800000| Untracked 
|  73|0x0000000084900000, 0x0000000084a00000, 0x0000000084a00000|100%| O|  |TAMS 0x0000000084a00000, 0x0000000084900000| Untracked 
|  74|0x0000000084a00000, 0x0000000084b00000, 0x0000000084b00000|100%| O|  |TAMS 0x0000000084b00000, 0x0000000084a00000| Untracked 
|  75|0x0000000084b00000, 0x0000000084c00000, 0x0000000084c00000|100%| O|  |TAMS 0x0000000084c00000, 0x0000000084b00000| Untracked 
|  76|0x0000000084c00000, 0x0000000084d00000, 0x0000000084d00000|100%| O|  |TAMS 0x0000000084d00000, 0x0000000084c00000| Untracked 
|  77|0x0000000084d00000, 0x0000000084e00000, 0x0000000084e00000|100%| O|  |TAMS 0x0000000084e00000, 0x0000000084d00000| Untracked 
|  78|0x0000000084e00000, 0x0000000084f00000, 0x0000000084f00000|100%| O|  |TAMS 0x0000000084f00000, 0x0000000084e00000| Untracked 
|  79|0x0000000084f00000, 0x0000000085000000, 0x0000000085000000|100%| O|  |TAMS 0x0000000085000000, 0x0000000084f00000| Untracked 
|  80|0x0000000085000000, 0x0000000085100000, 0x0000000085100000|100%| O|  |TAMS 0x0000000085100000, 0x0000000085000000| Untracked 
|  81|0x0000000085100000, 0x0000000085200000, 0x0000000085200000|100%| O|  |TAMS 0x0000000085200000, 0x0000000085100000| Untracked 
|  82|0x0000000085200000, 0x0000000085300000, 0x0000000085300000|100%| O|  |TAMS 0x0000000085300000, 0x0000000085200000| Untracked 
|  83|0x0000000085300000, 0x0000000085400000, 0x0000000085400000|100%| O|  |TAMS 0x0000000085400000, 0x0000000085300000| Untracked 
|  84|0x0000000085400000, 0x0000000085500000, 0x0000000085500000|100%| O|  |TAMS 0x0000000085500000, 0x0000000085400000| Untracked 
|  85|0x0000000085500000, 0x0000000085600000, 0x0000000085600000|100%| O|  |TAMS 0x0000000085600000, 0x0000000085500000| Untracked 
|  86|0x0000000085600000, 0x0000000085700000, 0x0000000085700000|100%| O|  |TAMS 0x0000000085700000, 0x0000000085600000| Untracked 
|  87|0x0000000085700000, 0x0000000085800000, 0x0000000085800000|100%| O|  |TAMS 0x0000000085800000, 0x0000000085700000| Untracked 
|  88|0x0000000085800000, 0x0000000085900000, 0x0000000085900000|100%| O|  |TAMS 0x0000000085900000, 0x0000000085800000| Untracked 
|  89|0x0000000085900000, 0x0000000085a00000, 0x0000000085a00000|100%| O|  |TAMS 0x0000000085a00000, 0x0000000085900000| Untracked 
|  90|0x0000000085a00000, 0x0000000085b00000, 0x0000000085b00000|100%| O|  |TAMS 0x0000000085b00000, 0x0000000085a00000| Untracked 
|  91|0x0000000085b00000, 0x0000000085c00000, 0x0000000085c00000|100%| O|  |TAMS 0x0000000085c00000, 0x0000000085b00000| Untracked 
|  92|0x0000000085c00000, 0x0000000085d00000, 0x0000000085d00000|100%| O|  |TAMS 0x0000000085d00000, 0x0000000085c00000| Untracked 
|  93|0x0000000085d00000, 0x0000000085e00000, 0x0000000085e00000|100%| O|  |TAMS 0x0000000085e00000, 0x0000000085d00000| Untracked 
|  94|0x0000000085e00000, 0x0000000085f00000, 0x0000000085f00000|100%| O|  |TAMS 0x0000000085f00000, 0x0000000085e00000| Untracked 
|  95|0x0000000085f00000, 0x0000000086000000, 0x0000000086000000|100%| O|  |TAMS 0x0000000086000000, 0x0000000085f00000| Untracked 
|  96|0x0000000086000000, 0x0000000086100000, 0x0000000086100000|100%| O|  |TAMS 0x0000000086100000, 0x0000000086000000| Untracked 
|  97|0x0000000086100000, 0x0000000086200000, 0x0000000086200000|100%|HS|  |TAMS 0x0000000086200000, 0x0000000086100000| Complete 
|  98|0x0000000086200000, 0x0000000086300000, 0x0000000086300000|100%|HS|  |TAMS 0x0000000086300000, 0x0000000086200000| Complete 
|  99|0x0000000086300000, 0x0000000086400000, 0x0000000086400000|100%|HS|  |TAMS 0x0000000086400000, 0x0000000086300000| Complete 
| 100|0x0000000086400000, 0x0000000086500000, 0x0000000086500000|100%| O|  |TAMS 0x0000000086500000, 0x0000000086400000| Untracked 
| 101|0x0000000086500000, 0x0000000086600000, 0x0000000086600000|100%|HS|  |TAMS 0x0000000086600000, 0x0000000086500000| Complete 
| 102|0x0000000086600000, 0x0000000086700000, 0x0000000086700000|100%|HC|  |TAMS 0x0000000086700000, 0x0000000086600000| Complete 
| 103|0x0000000086700000, 0x0000000086800000, 0x0000000086800000|100%|HC|  |TAMS 0x0000000086800000, 0x0000000086700000| Complete 
| 104|0x0000000086800000, 0x0000000086900000, 0x0000000086900000|100%| O|  |TAMS 0x0000000086900000, 0x0000000086800000| Untracked 
| 105|0x0000000086900000, 0x0000000086a00000, 0x0000000086a00000|100%| O|  |TAMS 0x0000000086a00000, 0x0000000086900000| Untracked 
| 106|0x0000000086a00000, 0x0000000086b00000, 0x0000000086b00000|100%| O|  |TAMS 0x0000000086b00000, 0x0000000086a00000| Untracked 
| 107|0x0000000086b00000, 0x0000000086c00000, 0x0000000086c00000|100%| O|  |TAMS 0x0000000086c00000, 0x0000000086b00000| Untracked 
| 108|0x0000000086c00000, 0x0000000086d00000, 0x0000000086d00000|100%|HS|  |TAMS 0x0000000086d00000, 0x0000000086c00000| Complete 
| 109|0x0000000086d00000, 0x0000000086e00000, 0x0000000086e00000|100%|HC|  |TAMS 0x0000000086e00000, 0x0000000086d00000| Complete 
| 110|0x0000000086e00000, 0x0000000086f00000, 0x0000000086f00000|100%| O|  |TAMS 0x0000000086f00000, 0x0000000086e00000| Untracked 
| 111|0x0000000086f00000, 0x0000000087000000, 0x0000000087000000|100%| O|  |TAMS 0x0000000087000000, 0x0000000086f00000| Untracked 
| 112|0x0000000087000000, 0x0000000087100000, 0x0000000087100000|100%| O|  |TAMS 0x0000000087100000, 0x0000000087000000| Untracked 
| 113|0x0000000087100000, 0x0000000087200000, 0x0000000087200000|100%| O|  |TAMS 0x0000000087200000, 0x0000000087100000| Untracked 
| 114|0x0000000087200000, 0x0000000087300000, 0x0000000087300000|100%| O|  |TAMS 0x0000000087300000, 0x0000000087200000| Untracked 
| 115|0x0000000087300000, 0x0000000087400000, 0x0000000087400000|100%| O|  |TAMS 0x0000000087400000, 0x0000000087300000| Untracked 
| 116|0x0000000087400000, 0x0000000087500000, 0x0000000087500000|100%|HS|  |TAMS 0x0000000087500000, 0x0000000087400000| Complete 
| 117|0x0000000087500000, 0x0000000087600000, 0x0000000087600000|100%|HC|  |TAMS 0x0000000087600000, 0x0000000087500000| Complete 
| 118|0x0000000087600000, 0x0000000087700000, 0x0000000087700000|100%|HS|  |TAMS 0x0000000087700000, 0x0000000087600000| Complete 
| 119|0x0000000087700000, 0x0000000087800000, 0x0000000087800000|100%|HC|  |TAMS 0x0000000087800000, 0x0000000087700000| Complete 
| 120|0x0000000087800000, 0x0000000087900000, 0x0000000087900000|100%|HC|  |TAMS 0x0000000087900000, 0x0000000087800000| Complete 
| 121|0x0000000087900000, 0x0000000087a00000, 0x0000000087a00000|100%|HC|  |TAMS 0x0000000087a00000, 0x0000000087900000| Complete 
| 122|0x0000000087a00000, 0x0000000087b00000, 0x0000000087b00000|100%| O|  |TAMS 0x0000000087b00000, 0x0000000087a00000| Untracked 
| 123|0x0000000087b00000, 0x0000000087c00000, 0x0000000087c00000|100%| O|  |TAMS 0x0000000087c00000, 0x0000000087b00000| Untracked 
| 124|0x0000000087c00000, 0x0000000087d00000, 0x0000000087d00000|100%| O|  |TAMS 0x0000000087d00000, 0x0000000087c00000| Untracked 
| 125|0x0000000087d00000, 0x0000000087e00000, 0x0000000087e00000|100%| O|  |TAMS 0x0000000087e00000, 0x0000000087d00000| Untracked 
| 126|0x0000000087e00000, 0x0000000087f00000, 0x0000000087f00000|100%| O|  |TAMS 0x0000000087f00000, 0x0000000087e00000| Untracked 
| 127|0x0000000087f00000, 0x0000000088000000, 0x0000000088000000|100%| O|  |TAMS 0x0000000088000000, 0x0000000087f00000| Untracked 
| 128|0x0000000088000000, 0x0000000088100000, 0x0000000088100000|100%| O|  |TAMS 0x0000000088100000, 0x0000000088000000| Untracked 
| 129|0x0000000088100000, 0x0000000088200000, 0x0000000088200000|100%| O|  |TAMS 0x0000000088200000, 0x0000000088100000| Untracked 
| 130|0x0000000088200000, 0x0000000088300000, 0x0000000088300000|100%| O|  |TAMS 0x0000000088300000, 0x0000000088200000| Untracked 
| 131|0x0000000088300000, 0x0000000088400000, 0x0000000088400000|100%|HS|  |TAMS 0x0000000088400000, 0x0000000088300000| Complete 
| 132|0x0000000088400000, 0x0000000088500000, 0x0000000088500000|100%|HC|  |TAMS 0x0000000088500000, 0x0000000088400000| Complete 
| 133|0x0000000088500000, 0x0000000088600000, 0x0000000088600000|100%| O|  |TAMS 0x0000000088600000, 0x0000000088500000| Untracked 
| 134|0x0000000088600000, 0x0000000088700000, 0x0000000088700000|100%| O|  |TAMS 0x0000000088700000, 0x0000000088600000| Untracked 
| 135|0x0000000088700000, 0x0000000088800000, 0x0000000088800000|100%| O|  |TAMS 0x0000000088800000, 0x0000000088700000| Untracked 
| 136|0x0000000088800000, 0x0000000088900000, 0x0000000088900000|100%| O|  |TAMS 0x0000000088900000, 0x0000000088800000| Untracked 
| 137|0x0000000088900000, 0x0000000088a00000, 0x0000000088a00000|100%| O|  |TAMS 0x0000000088a00000, 0x0000000088900000| Untracked 
| 138|0x0000000088a00000, 0x0000000088b00000, 0x0000000088b00000|100%| O|  |TAMS 0x0000000088b00000, 0x0000000088a00000| Untracked 
| 139|0x0000000088b00000, 0x0000000088c00000, 0x0000000088c00000|100%| O|  |TAMS 0x0000000088c00000, 0x0000000088b00000| Untracked 
| 140|0x0000000088c00000, 0x0000000088d00000, 0x0000000088d00000|100%| O|  |TAMS 0x0000000088d00000, 0x0000000088c00000| Untracked 
| 141|0x0000000088d00000, 0x0000000088e00000, 0x0000000088e00000|100%| O|  |TAMS 0x0000000088e00000, 0x0000000088d00000| Untracked 
| 142|0x0000000088e00000, 0x0000000088f00000, 0x0000000088f00000|100%| O|  |TAMS 0x0000000088f00000, 0x0000000088e00000| Untracked 
| 143|0x0000000088f00000, 0x0000000089000000, 0x0000000089000000|100%| O|  |TAMS 0x0000000089000000, 0x0000000088f00000| Untracked 
| 144|0x0000000089000000, 0x0000000089100000, 0x0000000089100000|100%| O|  |TAMS 0x0000000089100000, 0x0000000089000000| Untracked 
| 145|0x0000000089100000, 0x0000000089200000, 0x0000000089200000|100%| O|  |TAMS 0x0000000089200000, 0x0000000089100000| Untracked 
| 146|0x0000000089200000, 0x0000000089300000, 0x0000000089300000|100%| O|  |TAMS 0x0000000089300000, 0x0000000089200000| Untracked 
| 147|0x0000000089300000, 0x0000000089400000, 0x0000000089400000|100%| O|  |TAMS 0x0000000089400000, 0x0000000089300000| Untracked 
| 148|0x0000000089400000, 0x0000000089500000, 0x0000000089500000|100%| O|  |TAMS 0x0000000089500000, 0x0000000089400000| Untracked 
| 149|0x0000000089500000, 0x0000000089600000, 0x0000000089600000|100%| O|  |TAMS 0x0000000089600000, 0x0000000089500000| Untracked 
| 150|0x0000000089600000, 0x0000000089700000, 0x0000000089700000|100%| O|  |TAMS 0x0000000089700000, 0x0000000089600000| Untracked 
| 151|0x0000000089700000, 0x0000000089800000, 0x0000000089800000|100%| O|  |TAMS 0x0000000089800000, 0x0000000089700000| Untracked 
| 152|0x0000000089800000, 0x0000000089900000, 0x0000000089900000|100%| O|  |TAMS 0x0000000089900000, 0x0000000089800000| Untracked 
| 153|0x0000000089900000, 0x0000000089a00000, 0x0000000089a00000|100%| O|  |TAMS 0x0000000089a00000, 0x0000000089900000| Untracked 
| 154|0x0000000089a00000, 0x0000000089b00000, 0x0000000089b00000|100%| O|  |TAMS 0x0000000089b00000, 0x0000000089a00000| Untracked 
| 155|0x0000000089b00000, 0x0000000089c00000, 0x0000000089c00000|100%| O|  |TAMS 0x0000000089c00000, 0x0000000089b00000| Untracked 
| 156|0x0000000089c00000, 0x0000000089d00000, 0x0000000089d00000|100%| O|  |TAMS 0x0000000089d00000, 0x0000000089c00000| Untracked 
| 157|0x0000000089d00000, 0x0000000089e00000, 0x0000000089e00000|100%| O|  |TAMS 0x0000000089e00000, 0x0000000089d00000| Untracked 
| 158|0x0000000089e00000, 0x0000000089f00000, 0x0000000089f00000|100%| O|  |TAMS 0x0000000089f00000, 0x0000000089e00000| Untracked 
| 159|0x0000000089f00000, 0x000000008a000000, 0x000000008a000000|100%| O|  |TAMS 0x000000008a000000, 0x0000000089f00000| Untracked 
| 160|0x000000008a000000, 0x000000008a100000, 0x000000008a100000|100%| O|  |TAMS 0x000000008a100000, 0x000000008a000000| Untracked 
| 161|0x000000008a100000, 0x000000008a200000, 0x000000008a200000|100%| O|  |TAMS 0x000000008a200000, 0x000000008a100000| Untracked 
| 162|0x000000008a200000, 0x000000008a300000, 0x000000008a300000|100%|HS|  |TAMS 0x000000008a300000, 0x000000008a200000| Complete 
| 163|0x000000008a300000, 0x000000008a400000, 0x000000008a400000|100%|HS|  |TAMS 0x000000008a400000, 0x000000008a300000| Complete 
| 164|0x000000008a400000, 0x000000008a500000, 0x000000008a500000|100%|HS|  |TAMS 0x000000008a500000, 0x000000008a400000| Complete 
| 165|0x000000008a500000, 0x000000008a600000, 0x000000008a600000|100%|HC|  |TAMS 0x000000008a600000, 0x000000008a500000| Complete 
| 166|0x000000008a600000, 0x000000008a700000, 0x000000008a700000|100%|HC|  |TAMS 0x000000008a700000, 0x000000008a600000| Complete 
| 167|0x000000008a700000, 0x000000008a800000, 0x000000008a800000|100%| O|  |TAMS 0x000000008a800000, 0x000000008a700000| Untracked 
| 168|0x000000008a800000, 0x000000008a900000, 0x000000008a900000|100%| O|  |TAMS 0x000000008a900000, 0x000000008a800000| Untracked 
| 169|0x000000008a900000, 0x000000008aa00000, 0x000000008aa00000|100%| O|  |TAMS 0x000000008aa00000, 0x000000008a900000| Untracked 
| 170|0x000000008aa00000, 0x000000008ab00000, 0x000000008ab00000|100%| O|  |TAMS 0x000000008ab00000, 0x000000008aa00000| Untracked 
| 171|0x000000008ab00000, 0x000000008ac00000, 0x000000008ac00000|100%| O|  |TAMS 0x000000008ac00000, 0x000000008ab00000| Untracked 
| 172|0x000000008ac00000, 0x000000008ad00000, 0x000000008ad00000|100%| O|  |TAMS 0x000000008ad00000, 0x000000008ac00000| Untracked 
| 173|0x000000008ad00000, 0x000000008ae00000, 0x000000008ae00000|100%| O|  |TAMS 0x000000008ae00000, 0x000000008ad00000| Untracked 
| 174|0x000000008ae00000, 0x000000008af00000, 0x000000008af00000|100%| O|  |TAMS 0x000000008af00000, 0x000000008ae00000| Untracked 
| 175|0x000000008af00000, 0x000000008b000000, 0x000000008b000000|100%| O|  |TAMS 0x000000008b000000, 0x000000008af00000| Untracked 
| 176|0x000000008b000000, 0x000000008b100000, 0x000000008b100000|100%| O|  |TAMS 0x000000008b100000, 0x000000008b000000| Untracked 
| 177|0x000000008b100000, 0x000000008b200000, 0x000000008b200000|100%| O|  |TAMS 0x000000008b200000, 0x000000008b100000| Untracked 
| 178|0x000000008b200000, 0x000000008b300000, 0x000000008b300000|100%| O|  |TAMS 0x000000008b300000, 0x000000008b200000| Untracked 
| 179|0x000000008b300000, 0x000000008b400000, 0x000000008b400000|100%|HS|  |TAMS 0x000000008b400000, 0x000000008b300000| Complete 
| 180|0x000000008b400000, 0x000000008b500000, 0x000000008b500000|100%|HS|  |TAMS 0x000000008b500000, 0x000000008b400000| Complete 
| 181|0x000000008b500000, 0x000000008b600000, 0x000000008b600000|100%|HS|  |TAMS 0x000000008b600000, 0x000000008b500000| Complete 
| 182|0x000000008b600000, 0x000000008b700000, 0x000000008b700000|100%|HC|  |TAMS 0x000000008b700000, 0x000000008b600000| Complete 
| 183|0x000000008b700000, 0x000000008b800000, 0x000000008b800000|100%|HC|  |TAMS 0x000000008b800000, 0x000000008b700000| Complete 
| 184|0x000000008b800000, 0x000000008b900000, 0x000000008b900000|100%| O|  |TAMS 0x000000008b900000, 0x000000008b800000| Untracked 
| 185|0x000000008b900000, 0x000000008ba00000, 0x000000008ba00000|100%| O|  |TAMS 0x000000008ba00000, 0x000000008b900000| Untracked 
| 186|0x000000008ba00000, 0x000000008bb00000, 0x000000008bb00000|100%| O|  |TAMS 0x000000008bb00000, 0x000000008ba00000| Untracked 
| 187|0x000000008bb00000, 0x000000008bc00000, 0x000000008bc00000|100%| O|  |TAMS 0x000000008bc00000, 0x000000008bb00000| Untracked 
| 188|0x000000008bc00000, 0x000000008bd00000, 0x000000008bd00000|100%| O|  |TAMS 0x000000008bd00000, 0x000000008bc00000| Untracked 
| 189|0x000000008bd00000, 0x000000008be00000, 0x000000008be00000|100%| O|  |TAMS 0x000000008be00000, 0x000000008bd00000| Untracked 
| 190|0x000000008be00000, 0x000000008bf00000, 0x000000008bf00000|100%| O|  |TAMS 0x000000008bf00000, 0x000000008be00000| Untracked 
| 191|0x000000008bf00000, 0x000000008c000000, 0x000000008c000000|100%| O|  |TAMS 0x000000008c000000, 0x000000008bf00000| Untracked 
| 192|0x000000008c000000, 0x000000008c100000, 0x000000008c100000|100%| O|  |TAMS 0x000000008c100000, 0x000000008c000000| Untracked 
| 193|0x000000008c100000, 0x000000008c200000, 0x000000008c200000|100%| O|  |TAMS 0x000000008c200000, 0x000000008c100000| Untracked 
| 194|0x000000008c200000, 0x000000008c300000, 0x000000008c300000|100%|HS|  |TAMS 0x000000008c300000, 0x000000008c200000| Complete 
| 195|0x000000008c300000, 0x000000008c400000, 0x000000008c400000|100%|HC|  |TAMS 0x000000008c400000, 0x000000008c300000| Complete 
| 196|0x000000008c400000, 0x000000008c500000, 0x000000008c500000|100%| O|  |TAMS 0x000000008c500000, 0x000000008c400000| Untracked 
| 197|0x000000008c500000, 0x000000008c600000, 0x000000008c600000|100%| O|  |TAMS 0x000000008c600000, 0x000000008c500000| Untracked 
| 198|0x000000008c600000, 0x000000008c700000, 0x000000008c700000|100%| O|  |TAMS 0x000000008c700000, 0x000000008c600000| Untracked 
| 199|0x000000008c700000, 0x000000008c800000, 0x000000008c800000|100%| O|  |TAMS 0x000000008c800000, 0x000000008c700000| Untracked 
| 200|0x000000008c800000, 0x000000008c900000, 0x000000008c900000|100%| O|  |TAMS 0x000000008c900000, 0x000000008c800000| Untracked 
| 201|0x000000008c900000, 0x000000008ca00000, 0x000000008ca00000|100%| O|  |TAMS 0x000000008ca00000, 0x000000008c900000| Untracked 
| 202|0x000000008ca00000, 0x000000008cb00000, 0x000000008cb00000|100%|HS|  |TAMS 0x000000008cb00000, 0x000000008ca00000| Complete 
| 203|0x000000008cb00000, 0x000000008cc00000, 0x000000008cc00000|100%|HS|  |TAMS 0x000000008cc00000, 0x000000008cb00000| Complete 
| 204|0x000000008cc00000, 0x000000008cd00000, 0x000000008cd00000|100%|HS|  |TAMS 0x000000008cd00000, 0x000000008cc00000| Complete 
| 205|0x000000008cd00000, 0x000000008ce00000, 0x000000008ce00000|100%|HS|  |TAMS 0x000000008ce00000, 0x000000008cd00000| Complete 
| 206|0x000000008ce00000, 0x000000008cf00000, 0x000000008cf00000|100%|HC|  |TAMS 0x000000008cf00000, 0x000000008ce00000| Complete 
| 207|0x000000008cf00000, 0x000000008d000000, 0x000000008d000000|100%|HC|  |TAMS 0x000000008d000000, 0x000000008cf00000| Complete 
| 208|0x000000008d000000, 0x000000008d100000, 0x000000008d100000|100%| O|  |TAMS 0x000000008d100000, 0x000000008d000000| Untracked 
| 209|0x000000008d100000, 0x000000008d200000, 0x000000008d200000|100%| O|  |TAMS 0x000000008d200000, 0x000000008d100000| Untracked 
| 210|0x000000008d200000, 0x000000008d300000, 0x000000008d300000|100%| O|  |TAMS 0x000000008d300000, 0x000000008d200000| Untracked 
| 211|0x000000008d300000, 0x000000008d400000, 0x000000008d400000|100%| O|  |TAMS 0x000000008d400000, 0x000000008d300000| Untracked 
| 212|0x000000008d400000, 0x000000008d500000, 0x000000008d500000|100%| O|  |TAMS 0x000000008d500000, 0x000000008d400000| Untracked 
| 213|0x000000008d500000, 0x000000008d600000, 0x000000008d600000|100%| O|  |TAMS 0x000000008d600000, 0x000000008d500000| Untracked 
| 214|0x000000008d600000, 0x000000008d700000, 0x000000008d700000|100%| O|  |TAMS 0x000000008d700000, 0x000000008d600000| Untracked 
| 215|0x000000008d700000, 0x000000008d800000, 0x000000008d800000|100%| O|  |TAMS 0x000000008d800000, 0x000000008d700000| Untracked 
| 216|0x000000008d800000, 0x000000008d900000, 0x000000008d900000|100%| O|  |TAMS 0x000000008d900000, 0x000000008d800000| Untracked 
| 217|0x000000008d900000, 0x000000008da00000, 0x000000008da00000|100%| O|  |TAMS 0x000000008da00000, 0x000000008d900000| Untracked 
| 218|0x000000008da00000, 0x000000008db00000, 0x000000008db00000|100%| O|  |TAMS 0x000000008db00000, 0x000000008da00000| Untracked 
| 219|0x000000008db00000, 0x000000008dc00000, 0x000000008dc00000|100%| O|  |TAMS 0x000000008dc00000, 0x000000008db00000| Untracked 
| 220|0x000000008dc00000, 0x000000008dd00000, 0x000000008dd00000|100%| O|  |TAMS 0x000000008dd00000, 0x000000008dc00000| Untracked 
| 221|0x000000008dd00000, 0x000000008de00000, 0x000000008de00000|100%| O|  |TAMS 0x000000008de00000, 0x000000008dd00000| Untracked 
| 222|0x000000008de00000, 0x000000008df00000, 0x000000008df00000|100%| O|  |TAMS 0x000000008df00000, 0x000000008de00000| Untracked 
| 223|0x000000008df00000, 0x000000008e000000, 0x000000008e000000|100%| O|  |TAMS 0x000000008e000000, 0x000000008df00000| Untracked 
| 224|0x000000008e000000, 0x000000008e100000, 0x000000008e100000|100%| O|  |TAMS 0x000000008e100000, 0x000000008e000000| Untracked 
| 225|0x000000008e100000, 0x000000008e200000, 0x000000008e200000|100%| O|  |TAMS 0x000000008e200000, 0x000000008e100000| Untracked 
| 226|0x000000008e200000, 0x000000008e300000, 0x000000008e300000|100%| O|  |TAMS 0x000000008e300000, 0x000000008e200000| Untracked 
| 227|0x000000008e300000, 0x000000008e400000, 0x000000008e400000|100%| O|  |TAMS 0x000000008e400000, 0x000000008e300000| Untracked 
| 228|0x000000008e400000, 0x000000008e500000, 0x000000008e500000|100%| O|  |TAMS 0x000000008e500000, 0x000000008e400000| Untracked 
| 229|0x000000008e500000, 0x000000008e600000, 0x000000008e600000|100%| O|  |TAMS 0x000000008e600000, 0x000000008e500000| Untracked 
| 230|0x000000008e600000, 0x000000008e6be200, 0x000000008e700000| 74%| O|  |TAMS 0x000000008e619000, 0x000000008e600000| Untracked 
| 231|0x000000008e700000, 0x000000008e700000, 0x000000008e800000|  0%| F|  |TAMS 0x000000008e700000, 0x000000008e700000| Untracked 
| 232|0x000000008e800000, 0x000000008e800000, 0x000000008e900000|  0%| F|  |TAMS 0x000000008e800000, 0x000000008e800000| Untracked 
| 233|0x000000008e900000, 0x000000008e900000, 0x000000008ea00000|  0%| F|  |TAMS 0x000000008e900000, 0x000000008e900000| Untracked 
| 234|0x000000008ea00000, 0x000000008ea00000, 0x000000008eb00000|  0%| F|  |TAMS 0x000000008ea00000, 0x000000008ea00000| Untracked 
| 235|0x000000008eb00000, 0x000000008eb00000, 0x000000008ec00000|  0%| F|  |TAMS 0x000000008eb00000, 0x000000008eb00000| Untracked 
| 236|0x000000008ec00000, 0x000000008ec00000, 0x000000008ed00000|  0%| F|  |TAMS 0x000000008ec00000, 0x000000008ec00000| Untracked 
| 237|0x000000008ed00000, 0x000000008ed00000, 0x000000008ee00000|  0%| F|  |TAMS 0x000000008ed00000, 0x000000008ed00000| Untracked 
| 238|0x000000008ee00000, 0x000000008ee00000, 0x000000008ef00000|  0%| F|  |TAMS 0x000000008ee00000, 0x000000008ee00000| Untracked 
| 239|0x000000008ef00000, 0x000000008ef00000, 0x000000008f000000|  0%| F|  |TAMS 0x000000008ef00000, 0x000000008ef00000| Untracked 
| 240|0x000000008f000000, 0x000000008f000000, 0x000000008f100000|  0%| F|  |TAMS 0x000000008f000000, 0x000000008f000000| Untracked 
| 241|0x000000008f100000, 0x000000008f100000, 0x000000008f200000|  0%| F|  |TAMS 0x000000008f100000, 0x000000008f100000| Untracked 
| 242|0x000000008f200000, 0x000000008f200000, 0x000000008f300000|  0%| F|  |TAMS 0x000000008f200000, 0x000000008f200000| Untracked 
| 243|0x000000008f300000, 0x000000008f300000, 0x000000008f400000|  0%| F|  |TAMS 0x000000008f300000, 0x000000008f300000| Untracked 
| 244|0x000000008f400000, 0x000000008f400000, 0x000000008f500000|  0%| F|  |TAMS 0x000000008f400000, 0x000000008f400000| Untracked 
| 245|0x000000008f500000, 0x000000008f500000, 0x000000008f600000|  0%| F|  |TAMS 0x000000008f500000, 0x000000008f500000| Untracked 
| 246|0x000000008f600000, 0x000000008f600000, 0x000000008f700000|  0%| F|  |TAMS 0x000000008f600000, 0x000000008f600000| Untracked 
| 247|0x000000008f700000, 0x000000008f700000, 0x000000008f800000|  0%| F|  |TAMS 0x000000008f700000, 0x000000008f700000| Untracked 
| 248|0x000000008f800000, 0x000000008f800000, 0x000000008f900000|  0%| F|  |TAMS 0x000000008f800000, 0x000000008f800000| Untracked 
| 249|0x000000008f900000, 0x000000008f900000, 0x000000008fa00000|  0%| F|  |TAMS 0x000000008f900000, 0x000000008f900000| Untracked 
| 250|0x000000008fa00000, 0x000000008fa00000, 0x000000008fb00000|  0%| F|  |TAMS 0x000000008fa00000, 0x000000008fa00000| Untracked 
| 251|0x000000008fb00000, 0x000000008fb00000, 0x000000008fc00000|  0%| F|  |TAMS 0x000000008fb00000, 0x000000008fb00000| Untracked 
| 252|0x000000008fc00000, 0x000000008fc00000, 0x000000008fd00000|  0%| F|  |TAMS 0x000000008fc00000, 0x000000008fc00000| Untracked 
| 253|0x000000008fd00000, 0x000000008fd00000, 0x000000008fe00000|  0%| F|  |TAMS 0x000000008fd00000, 0x000000008fd00000| Untracked 
| 254|0x000000008fe00000, 0x000000008fe00000, 0x000000008ff00000|  0%| F|  |TAMS 0x000000008fe00000, 0x000000008fe00000| Untracked 
| 255|0x000000008ff00000, 0x000000008ff00000, 0x0000000090000000|  0%| F|  |TAMS 0x000000008ff00000, 0x000000008ff00000| Untracked 
| 256|0x0000000090000000, 0x0000000090000000, 0x0000000090100000|  0%| F|  |TAMS 0x0000000090000000, 0x0000000090000000| Untracked 
| 257|0x0000000090100000, 0x0000000090100000, 0x0000000090200000|  0%| F|  |TAMS 0x0000000090100000, 0x0000000090100000| Untracked 
| 258|0x0000000090200000, 0x0000000090200000, 0x0000000090300000|  0%| F|  |TAMS 0x0000000090200000, 0x0000000090200000| Untracked 
| 259|0x0000000090300000, 0x0000000090300000, 0x0000000090400000|  0%| F|  |TAMS 0x0000000090300000, 0x0000000090300000| Untracked 
| 260|0x0000000090400000, 0x0000000090400000, 0x0000000090500000|  0%| F|  |TAMS 0x0000000090400000, 0x0000000090400000| Untracked 
| 261|0x0000000090500000, 0x0000000090500000, 0x0000000090600000|  0%| F|  |TAMS 0x0000000090500000, 0x0000000090500000| Untracked 
| 262|0x0000000090600000, 0x0000000090600000, 0x0000000090700000|  0%| F|  |TAMS 0x0000000090600000, 0x0000000090600000| Untracked 
| 263|0x0000000090700000, 0x0000000090700000, 0x0000000090800000|  0%| F|  |TAMS 0x0000000090700000, 0x0000000090700000| Untracked 
| 264|0x0000000090800000, 0x0000000090800000, 0x0000000090900000|  0%| F|  |TAMS 0x0000000090800000, 0x0000000090800000| Untracked 
| 265|0x0000000090900000, 0x0000000090900000, 0x0000000090a00000|  0%| F|  |TAMS 0x0000000090900000, 0x0000000090900000| Untracked 
| 266|0x0000000090a00000, 0x0000000090a00000, 0x0000000090b00000|  0%| F|  |TAMS 0x0000000090a00000, 0x0000000090a00000| Untracked 
| 267|0x0000000090b00000, 0x0000000090b00000, 0x0000000090c00000|  0%| F|  |TAMS 0x0000000090b00000, 0x0000000090b00000| Untracked 
| 268|0x0000000090c00000, 0x0000000090c00000, 0x0000000090d00000|  0%| F|  |TAMS 0x0000000090c00000, 0x0000000090c00000| Untracked 
| 269|0x0000000090d00000, 0x0000000090d00000, 0x0000000090e00000|  0%| F|  |TAMS 0x0000000090d00000, 0x0000000090d00000| Untracked 
| 270|0x0000000090e00000, 0x0000000090e00000, 0x0000000090f00000|  0%| F|  |TAMS 0x0000000090e00000, 0x0000000090e00000| Untracked 
| 271|0x0000000090f00000, 0x0000000090f00000, 0x0000000091000000|  0%| F|  |TAMS 0x0000000090f00000, 0x0000000090f00000| Untracked 
| 272|0x0000000091000000, 0x0000000091000000, 0x0000000091100000|  0%| F|  |TAMS 0x0000000091000000, 0x0000000091000000| Untracked 
| 273|0x0000000091100000, 0x0000000091100000, 0x0000000091200000|  0%| F|  |TAMS 0x0000000091100000, 0x0000000091100000| Untracked 
| 274|0x0000000091200000, 0x0000000091200000, 0x0000000091300000|  0%| F|  |TAMS 0x0000000091200000, 0x0000000091200000| Untracked 
| 275|0x0000000091300000, 0x0000000091300000, 0x0000000091400000|  0%| F|  |TAMS 0x0000000091300000, 0x0000000091300000| Untracked 
| 276|0x0000000091400000, 0x0000000091400000, 0x0000000091500000|  0%| F|  |TAMS 0x0000000091400000, 0x0000000091400000| Untracked 
| 277|0x0000000091500000, 0x0000000091500000, 0x0000000091600000|  0%| F|  |TAMS 0x0000000091500000, 0x0000000091500000| Untracked 
| 278|0x0000000091600000, 0x0000000091600000, 0x0000000091700000|  0%| F|  |TAMS 0x0000000091600000, 0x0000000091600000| Untracked 
| 279|0x0000000091700000, 0x0000000091700000, 0x0000000091800000|  0%| F|  |TAMS 0x0000000091700000, 0x0000000091700000| Untracked 
| 280|0x0000000091800000, 0x000000009182c7e8, 0x0000000091900000| 17%| E|  |TAMS 0x0000000091800000, 0x0000000091800000| Complete 
| 281|0x0000000091900000, 0x00000000919d3248, 0x0000000091a00000| 82%| S|CS|TAMS 0x0000000091900000, 0x0000000091900000| Complete 
| 282|0x0000000091a00000, 0x0000000091b00000, 0x0000000091b00000|100%| S|CS|TAMS 0x0000000091a00000, 0x0000000091a00000| Complete 
| 283|0x0000000091b00000, 0x0000000091c00000, 0x0000000091c00000|100%| S|CS|TAMS 0x0000000091b00000, 0x0000000091b00000| Complete 
| 284|0x0000000091c00000, 0x0000000091d00000, 0x0000000091d00000|100%| E|CS|TAMS 0x0000000091c00000, 0x0000000091c00000| Complete 
| 285|0x0000000091d00000, 0x0000000091e00000, 0x0000000091e00000|100%| E|CS|TAMS 0x0000000091d00000, 0x0000000091d00000| Complete 
| 286|0x0000000091e00000, 0x0000000091f00000, 0x0000000091f00000|100%| E|CS|TAMS 0x0000000091e00000, 0x0000000091e00000| Complete 
| 287|0x0000000091f00000, 0x0000000092000000, 0x0000000092000000|100%| E|CS|TAMS 0x0000000091f00000, 0x0000000091f00000| Complete 
| 288|0x0000000092000000, 0x0000000092100000, 0x0000000092100000|100%| E|CS|TAMS 0x0000000092000000, 0x0000000092000000| Complete 
| 289|0x0000000092100000, 0x0000000092200000, 0x0000000092200000|100%| E|CS|TAMS 0x0000000092100000, 0x0000000092100000| Complete 
| 290|0x0000000092200000, 0x0000000092300000, 0x0000000092300000|100%| E|CS|TAMS 0x0000000092200000, 0x0000000092200000| Complete 
| 291|0x0000000092300000, 0x0000000092400000, 0x0000000092400000|100%| E|CS|TAMS 0x0000000092300000, 0x0000000092300000| Complete 
| 292|0x0000000092400000, 0x0000000092500000, 0x0000000092500000|100%| E|CS|TAMS 0x0000000092400000, 0x0000000092400000| Complete 
| 293|0x0000000092500000, 0x0000000092600000, 0x0000000092600000|100%| E|CS|TAMS 0x0000000092500000, 0x0000000092500000| Complete 
| 294|0x0000000092600000, 0x0000000092700000, 0x0000000092700000|100%| E|CS|TAMS 0x0000000092600000, 0x0000000092600000| Complete 
| 295|0x0000000092700000, 0x0000000092800000, 0x0000000092800000|100%| E|CS|TAMS 0x0000000092700000, 0x0000000092700000| Complete 
| 296|0x0000000092800000, 0x0000000092900000, 0x0000000092900000|100%| E|  |TAMS 0x0000000092800000, 0x0000000092800000| Complete 
| 297|0x0000000092900000, 0x0000000092a00000, 0x0000000092a00000|100%| E|CS|TAMS 0x0000000092900000, 0x0000000092900000| Complete 
| 298|0x0000000092a00000, 0x0000000092b00000, 0x0000000092b00000|100%| E|CS|TAMS 0x0000000092a00000, 0x0000000092a00000| Complete 
| 299|0x0000000092b00000, 0x0000000092c00000, 0x0000000092c00000|100%| E|CS|TAMS 0x0000000092b00000, 0x0000000092b00000| Complete 

Card table byte_map: [0x00000240ccce0000,0x00000240cd0e0000] _byte_map_base: 0x00000240cc8e0000

Marking Bits (Prev, Next): (CMBitMap*) 0x00000240b5503aa0, (CMBitMap*) 0x00000240b5503a68
 Prev Bits: [0x00000240cf4e0000, 0x00000240d14e0000)
 Next Bits: [0x00000240cd4e0000, 0x00000240cf4e0000)

Polling page: 0x00000240b4c30000

Metaspace:

Usage:
  Non-class:    102.65 MB capacity,    98.37 MB ( 96%) used,     3.88 MB (  4%) free+waste,   410.63 KB ( <1%) overhead. 
      Class:     17.48 MB capacity,    15.03 MB ( 86%) used,     2.26 MB ( 13%) free+waste,   198.94 KB (  1%) overhead. 
       Both:    120.13 MB capacity,   113.40 MB ( 94%) used,     6.13 MB (  5%) free+waste,   609.56 KB ( <1%) overhead. 

Virtual space:
  Non-class space:      104.00 MB reserved,     102.87 MB ( 99%) committed 
      Class space:      504.00 MB reserved,      17.50 MB (  3%) committed 
             Both:      608.00 MB reserved,     120.37 MB ( 20%) committed 

Chunk freelists:
   Non-Class:  4.63 KB
       Class:  2.00 KB
        Both:  6.63 KB

CodeHeap 'non-profiled nmethods': size=120064Kb used=10254Kb max_used=10254Kb free=109809Kb
 bounds [0x00000240c5290000, 0x00000240c5ca0000, 0x00000240cc7d0000]
CodeHeap 'profiled nmethods': size=120000Kb used=34270Kb max_used=34270Kb free=85729Kb
 bounds [0x00000240bdd60000, 0x00000240bfef0000, 0x00000240c5290000]
CodeHeap 'non-nmethods': size=5696Kb used=2318Kb max_used=2377Kb free=3377Kb
 bounds [0x00000240bd7d0000, 0x00000240bda40000, 0x00000240bdd60000]
 total_blobs=20180 nmethods=14548 adapters=845
 compilation: enabled
              stopped_count=0, restarted_count=0
 full_count=0

Compilation events (10 events):
Event: 87.565 Thread 0x00000240d3d12000 15155       3       com.esotericsoftware.kryo.io.Input::readVarInt (192 bytes)
Event: 87.565 Thread 0x00000240d3d12000 nmethod 15155 0x00000240bfebe910 code [0x00000240bfebeb00, 0x00000240bfebefe0]
Event: 87.566 Thread 0x00000240d3d12000 15156   !   3       org.gradle.internal.serialize.kryo.StringDeduplicatingKryoBackedDecoder::readByte (15 bytes)
Event: 87.567 Thread 0x00000240d3d12000 nmethod 15156 0x00000240bfebf190 code [0x00000240bfebf3c0, 0x00000240bfebfa90]
Event: 87.567 Thread 0x00000240d3d12000 15157   !   3       org.gradle.internal.serialize.kryo.StringDeduplicatingKryoBackedDecoder::readSmallInt (16 bytes)
Event: 87.567 Thread 0x00000240d3d12000 nmethod 15157 0x00000240bfebfd90 code [0x00000240bfebffc0, 0x00000240bfec0630]
Event: 87.568 Thread 0x00000240d3d12000 15158       3       com.esotericsoftware.kryo.io.Input::require (220 bytes)
Event: 87.569 Thread 0x00000240d3d12000 nmethod 15158 0x00000240bfec0890 code [0x00000240bfec0b80, 0x00000240bfec19a0]
Event: 87.569 Thread 0x00000240d3d12000 15159       1       org.gradle.api.artifacts.result.ComponentSelectionCause::getDefaultReason (5 bytes)
Event: 87.569 Thread 0x00000240d3d12000 nmethod 15159 0x00000240c5c8f510 code [0x00000240c5c8f6c0, 0x00000240c5c8f7d8]

GC Heap History (10 events):
Event: 86.365 GC heap before
{Heap before GC invocations=133 (full 0):
 garbage-first heap   total 256000K, used 239455K [0x0000000080000000, 0x0000000100000000)
  region size 1024K, 12 young (12288K), 2 survivors (2048K)
 Metaspace       used 114353K, capacity 121029K, committed 121340K, reserved 620544K
  class space    used 15271K, capacity 17680K, committed 17792K, reserved 516096K
}
Event: 86.371 GC heap after
{Heap after GC invocations=134 (full 0):
 garbage-first heap   total 256000K, used 231959K [0x0000000080000000, 0x0000000100000000)
  region size 1024K, 2 young (2048K), 2 survivors (2048K)
 Metaspace       used 114353K, capacity 121029K, committed 121340K, reserved 620544K
  class space    used 15271K, capacity 17680K, committed 17792K, reserved 516096K
}
Event: 86.797 GC heap before
{Heap before GC invocations=135 (full 0):
 garbage-first heap   total 256000K, used 242199K [0x0000000080000000, 0x0000000100000000)
  region size 1024K, 12 young (12288K), 2 survivors (2048K)
 Metaspace       used 114497K, capacity 121347K, committed 121596K, reserved 620544K
  class space    used 15297K, capacity 17762K, committed 17792K, reserved 516096K
}
Event: 86.804 GC heap after
{Heap after GC invocations=136 (full 0):
 garbage-first heap   total 256000K, used 235365K [0x0000000080000000, 0x0000000100000000)
  region size 1024K, 2 young (2048K), 2 survivors (2048K)
 Metaspace       used 114497K, capacity 121347K, committed 121596K, reserved 620544K
  class space    used 15297K, capacity 17762K, committed 17792K, reserved 516096K
}
Event: 86.876 GC heap before
{Heap before GC invocations=136 (full 0):
 garbage-first heap   total 256000K, used 244581K [0x0000000080000000, 0x0000000100000000)
  region size 1024K, 12 young (12288K), 2 survivors (2048K)
 Metaspace       used 114804K, capacity 121641K, committed 121980K, reserved 620544K
  class space    used 15316K, capacity 17795K, committed 17920K, reserved 516096K
}
Event: 86.884 GC heap after
{Heap after GC invocations=137 (full 0):
 garbage-first heap   total 256000K, used 236711K [0x0000000080000000, 0x0000000100000000)
  region size 1024K, 2 young (2048K), 2 survivors (2048K)
 Metaspace       used 114804K, capacity 121641K, committed 121980K, reserved 620544K
  class space    used 15316K, capacity 17795K, committed 17920K, reserved 516096K
}
Event: 86.977 GC heap before
{Heap before GC invocations=137 (full 0):
 garbage-first heap   total 256000K, used 246951K [0x0000000080000000, 0x0000000100000000)
  region size 1024K, 12 young (12288K), 2 survivors (2048K)
 Metaspace       used 114947K, capacity 121769K, committed 121980K, reserved 620544K
  class space    used 15331K, capacity 17795K, committed 17920K, reserved 516096K
}
Event: 86.981 GC heap after
{Heap after GC invocations=138 (full 0):
 garbage-first heap   total 307200K, used 237552K [0x0000000080000000, 0x0000000100000000)
  region size 1024K, 2 young (2048K), 2 survivors (2048K)
 Metaspace       used 114947K, capacity 121769K, committed 121980K, reserved 620544K
  class space    used 15331K, capacity 17795K, committed 17920K, reserved 516096K
}
Event: 87.245 GC heap before
{Heap before GC invocations=138 (full 0):
 garbage-first heap   total 307200K, used 253936K [0x0000000080000000, 0x0000000100000000)
  region size 1024K, 18 young (18432K), 2 survivors (2048K)
 Metaspace       used 115358K, capacity 122279K, committed 122492K, reserved 622592K
  class space    used 15360K, capacity 17833K, committed 17920K, reserved 516096K
}
Event: 87.250 GC heap after
{Heap after GC invocations=139 (full 0):
 garbage-first heap   total 307200K, used 239173K [0x0000000080000000, 0x0000000100000000)
  region size 1024K, 3 young (3072K), 3 survivors (3072K)
 Metaspace       used 115358K, capacity 122279K, committed 122492K, reserved 622592K
  class space    used 15360K, capacity 17833K, committed 17920K, reserved 516096K
}

Deoptimization events (10 events):
Event: 87.414 Thread 0x00000240d64e8800 Uncommon trap: reason=unstable_if action=reinterpret pc=0x00000240c5c1a7a8 method=org.gradle.internal.resolve.result.DefaultBuildableComponentResolveResult.hasResult()Z @ 4 c2
Event: 87.414 Thread 0x00000240d64e8800 Uncommon trap: reason=bimorphic_or_optimized_type_check action=maybe_recompile pc=0x00000240c5bf9184 method=org.gradle.internal.component.model.AttributeConfigurationSelector.filterVariantsByRequestedCapabilities(Lorg/gradle/internal/component/model/Compo
Event: 87.414 Thread 0x00000240d64e8800 Uncommon trap: reason=class_check action=maybe_recompile pc=0x00000240c5bf5318 method=org.gradle.api.internal.attributes.DefaultAttributesSchema$MergedSchema.hashCode()I @ 4 c2
Event: 87.559 Thread 0x00000240d64e8800 Uncommon trap: reason=unstable_if action=reinterpret pc=0x00000240c56bf8f0 method=com.esotericsoftware.kryo.io.Input.readString()Ljava/lang/String; @ 28 c2
Event: 87.563 Thread 0x00000240d64e8800 Uncommon trap: reason=class_check action=maybe_recompile pc=0x00000240c5b6cb50 method=org.gradle.api.internal.artifacts.ivyservice.resolveengine.result.DesugaredAttributeContainerSerializer.read(Lorg/gradle/internal/serialize/Decoder;)Lorg/gradle/api/inte
Event: 87.564 Thread 0x00000240d64e8800 Uncommon trap: reason=unstable_if action=reinterpret pc=0x00000240c56d062c method=com.esotericsoftware.kryo.io.Input.readVarInt(Z)I @ 42 c2
Event: 87.565 Thread 0x00000240d64e8800 Uncommon trap: reason=class_check action=maybe_recompile pc=0x00000240c5b6cb50 method=org.gradle.api.internal.artifacts.ivyservice.resolveengine.result.DesugaredAttributeContainerSerializer.read(Lorg/gradle/internal/serialize/Decoder;)Lorg/gradle/api/inte
Event: 87.565 Thread 0x00000240d64e8800 Uncommon trap: reason=class_check action=maybe_recompile pc=0x00000240c5b6cb50 method=org.gradle.api.internal.artifacts.ivyservice.resolveengine.result.DesugaredAttributeContainerSerializer.read(Lorg/gradle/internal/serialize/Decoder;)Lorg/gradle/api/inte
Event: 87.565 Thread 0x00000240d64e8800 Uncommon trap: reason=class_check action=maybe_recompile pc=0x00000240c5b6cb50 method=org.gradle.api.internal.artifacts.ivyservice.resolveengine.result.DesugaredAttributeContainerSerializer.read(Lorg/gradle/internal/serialize/Decoder;)Lorg/gradle/api/inte
Event: 87.568 Thread 0x00000240d64e8800 Uncommon trap: reason=unstable_if action=reinterpret pc=0x00000240c55a90f8 method=com.esotericsoftware.kryo.io.Input.require(I)I @ 65 c2

Classes redefined (0 events):
No events

Internal exceptions (10 events):
Event: 86.491 Thread 0x00000240d64e8800 Exception <a 'java/lang/NoClassDefFoundError'{0x000000008f5caea8}: org/jetbrains/kotlin/gradle/plugin/KotlinBasePluginWrapper> (0x000000008f5caea8) thrown at [t:/workspace/open/src/hotspot/share/oops/constantPool.cpp, line 766]
Event: 86.676 Thread 0x00000240d64e8800 Exception <a 'java/lang/ClassNotFoundException'{0x000000008f3323a8}: build_dybpxwbtl5jnyeofp8q5qvkq7BeanInfo> (0x000000008f3323a8) thrown at [t:/workspace/open/src/hotspot/share/classfile/systemDictionary.cpp, line 231]
Event: 86.677 Thread 0x00000240d64e8800 Exception <a 'java/lang/ClassNotFoundException'{0x000000008f33e408}: build_dybpxwbtl5jnyeofp8q5qvkq7Customizer> (0x000000008f33e408) thrown at [t:/workspace/open/src/hotspot/share/classfile/systemDictionary.cpp, line 231]
Event: 86.708 Thread 0x00000240d64e8800 Exception <a 'java/lang/ClassNotFoundException'{0x000000008f2ebc58}: build_dybpxwbtl5jnyeofp8q5qvkq7$_run_closure1BeanInfo> (0x000000008f2ebc58) thrown at [t:/workspace/open/src/hotspot/share/classfile/systemDictionary.cpp, line 231]
Event: 86.708 Thread 0x00000240d64e8800 Exception <a 'java/lang/ClassNotFoundException'{0x000000008f2fc9c8}: build_dybpxwbtl5jnyeofp8q5qvkq7$_run_closure1Customizer> (0x000000008f2fc9c8) thrown at [t:/workspace/open/src/hotspot/share/classfile/systemDictionary.cpp, line 231]
Event: 86.810 Thread 0x00000240d64e8800 Exception <a 'java/lang/NoClassDefFoundError'{0x000000008f9af520}: org/jetbrains/kotlin/gradle/plugin/KotlinBasePluginWrapper> (0x000000008f9af520) thrown at [t:/workspace/open/src/hotspot/share/oops/constantPool.cpp, line 766]
Event: 86.820 Thread 0x00000240d64e8800 Exception <a 'java/lang/NoSuchMethodError'{0x000000008f9f4d68}: org.gradle.api.internal.StartParameterInternal.getIsolatedProjects()Lorg/gradle/internal/buildoption/BuildOption$Value;> (0x000000008f9f4d68) thrown at [t:/workspace/open/src/hotspot/share/in
Event: 87.084 Thread 0x00000240d64e8800 Exception <a 'java/lang/NoSuchMethodError'{0x00000000922ced40}: org.gradle.api.internal.StartParameterInternal.getConfigurationCache()Lorg/gradle/internal/buildoption/BuildOption$Value;> (0x00000000922ced40) thrown at [t:/workspace/open/src/hotspot/share/
Event: 87.157 Thread 0x00000240d64e8800 Exception <a 'java/lang/NoSuchMethodError'{0x00000000920cd090}: <clinit>> (0x00000000920cd090) thrown at [t:/workspace/open/src/hotspot/share/prims/jni.cpp, line 1364]
Event: 87.345 Thread 0x00000240d64e8800 Exception <a 'sun/nio/fs/WindowsException'{0x00000000925409c8}> (0x00000000925409c8) thrown at [t:/workspace/open/src/hotspot/share/prims/jni.cpp, line 615]

Events (10 events):
Event: 87.565 Thread 0x00000240d64e8800 Uncommon trap: trap_request=0xffffffde fr.pc=0x00000240c5b6cb50 relative=0x0000000000001210
Event: 87.565 Thread 0x00000240d64e8800 DEOPT PACKING pc=0x00000240c5b6cb50 sp=0x0000004bc64f8ba0
Event: 87.565 Thread 0x00000240d64e8800 DEOPT UNPACKING pc=0x00000240bd7f8f2f sp=0x0000004bc64f8b70 mode 2
Event: 87.566 loading class org/gradle/api/artifacts/result/ComponentSelectionCause
Event: 87.566 loading class org/gradle/api/artifacts/result/ComponentSelectionCause done
Event: 87.566 loading class org/gradle/api/internal/artifacts/ivyservice/resolveengine/result/CachingComponentSelectionDescriptorFactory
Event: 87.566 loading class org/gradle/api/internal/artifacts/ivyservice/resolveengine/result/CachingComponentSelectionDescriptorFactory done
Event: 87.567 Thread 0x00000240d64e8800 Uncommon trap: trap_request=0xffffff4d fr.pc=0x00000240c55a90f8 relative=0x00000000000001b8
Event: 87.568 Thread 0x00000240d64e8800 DEOPT PACKING pc=0x00000240c55a90f8 sp=0x0000004bc64f8b60
Event: 87.568 Thread 0x00000240d64e8800 DEOPT UNPACKING pc=0x00000240bd7f8f2f sp=0x0000004bc64f8b10 mode 2


Dynamic libraries:
0x00007ff61ab90000 - 0x00007ff61abd5000 	C:\Users\souvik\AppData\Local\jdk-11.0.2\bin\java.exe
0x00007ffcb5df0000 - 0x00007ffcb6006000 	C:\WINDOWS\SYSTEM32\ntdll.dll
0x00007ffcb4b80000 - 0x00007ffcb4c44000 	C:\WINDOWS\System32\KERNEL32.DLL
0x00007ffcb35f0000 - 0x00007ffcb3995000 	C:\WINDOWS\System32\KERNELBASE.dll
0x00007ffcaffb0000 - 0x00007ffcb0047000 	C:\WINDOWS\SYSTEM32\apphelp.dll
0x00007ffcb5560000 - 0x00007ffcb570e000 	C:\WINDOWS\System32\USER32.dll
0x00007ffcb39a0000 - 0x00007ffcb39c6000 	C:\WINDOWS\System32\win32u.dll
0x00007ffcb4870000 - 0x00007ffcb4899000 	C:\WINDOWS\System32\GDI32.dll
0x00007ffcb3a50000 - 0x00007ffcb3b69000 	C:\WINDOWS\System32\gdi32full.dll
0x00007ffcb3490000 - 0x00007ffcb352a000 	C:\WINDOWS\System32\msvcp_win.dll
0x00007ffcb3370000 - 0x00007ffcb3481000 	C:\WINDOWS\System32\ucrtbase.dll
0x00007ffca1340000 - 0x00007ffca15d3000 	C:\WINDOWS\WinSxS\amd64_microsoft.windows.common-controls_6595b64144ccf1df_6.0.23536.1000_none_efde8a3f93159702\COMCTL32.dll
0x00007ffcb4980000 - 0x00007ffcb4a27000 	C:\WINDOWS\System32\msvcrt.dll
0x00007ffcb5d70000 - 0x00007ffcb5da1000 	C:\WINDOWS\System32\IMM32.DLL
0x00007ffc9ed60000 - 0x00007ffc9ed76000 	C:\Users\souvik\AppData\Local\jdk-11.0.2\bin\vcruntime140.dll
0x00007ffc4e8f0000 - 0x00007ffc4e99a000 	C:\Users\souvik\AppData\Local\jdk-11.0.2\bin\msvcp140.dll
0x00007ffc4d6c0000 - 0x00007ffc4e1e3000 	C:\Users\souvik\AppData\Local\jdk-11.0.2\bin\server\jvm.dll
0x00007ffcb4ad0000 - 0x00007ffcb4b80000 	C:\WINDOWS\System32\ADVAPI32.dll
0x00007ffcb5830000 - 0x00007ffcb58d6000 	C:\WINDOWS\System32\sechost.dll
0x00007ffcb5710000 - 0x00007ffcb5827000 	C:\WINDOWS\System32\RPCRT4.dll
0x00007ffcb3b70000 - 0x00007ffcb3b78000 	C:\WINDOWS\System32\PSAPI.DLL
0x00007ffc97a20000 - 0x00007ffc97a29000 	C:\WINDOWS\SYSTEM32\WSOCK32.dll
0x00007ffca9b60000 - 0x00007ffca9b6a000 	C:\WINDOWS\SYSTEM32\VERSION.dll
0x00007ffca99f0000 - 0x00007ffca9a24000 	C:\WINDOWS\SYSTEM32\WINMM.dll
0x00007ffcb43d0000 - 0x00007ffcb4441000 	C:\WINDOWS\System32\WS2_32.dll
0x00007ffcb2250000 - 0x00007ffcb2268000 	C:\WINDOWS\SYSTEM32\kernel.appcore.dll
0x00007ffc71430000 - 0x00007ffc71441000 	C:\Users\souvik\AppData\Local\jdk-11.0.2\bin\verify.dll
0x00007ffcb04f0000 - 0x00007ffcb071e000 	C:\WINDOWS\SYSTEM32\DBGHELP.DLL
0x00007ffcb3ce0000 - 0x00007ffcb406a000 	C:\WINDOWS\System32\combase.dll
0x00007ffcb48a0000 - 0x00007ffcb4977000 	C:\WINDOWS\System32\OLEAUT32.dll
0x00007ffc9ce20000 - 0x00007ffc9ce52000 	C:\WINDOWS\SYSTEM32\dbgcore.DLL
0x00007ffcb39d0000 - 0x00007ffcb3a4a000 	C:\WINDOWS\System32\bcryptPrimitives.dll
0x00007ffc51d60000 - 0x00007ffc51d88000 	C:\Users\souvik\AppData\Local\jdk-11.0.2\bin\java.dll
0x00007ffc703f0000 - 0x00007ffc70406000 	C:\Users\souvik\AppData\Local\jdk-11.0.2\bin\zip.dll
0x00007ffca0890000 - 0x00007ffca089a000 	C:\Users\souvik\AppData\Local\jdk-11.0.2\bin\jimage.dll
0x00007ffcb4c50000 - 0x00007ffcb548b000 	C:\WINDOWS\System32\SHELL32.dll
0x00007ffcb10c0000 - 0x00007ffcb19b7000 	C:\WINDOWS\SYSTEM32\windows.storage.dll
0x00007ffcb0f80000 - 0x00007ffcb10be000 	C:\WINDOWS\SYSTEM32\wintypes.dll
0x00007ffcb3be0000 - 0x00007ffcb3cd3000 	C:\WINDOWS\System32\SHCORE.dll
0x00007ffcb3b80000 - 0x00007ffcb3bde000 	C:\WINDOWS\System32\shlwapi.dll
0x00007ffcb30c0000 - 0x00007ffcb30e6000 	C:\WINDOWS\SYSTEM32\profapi.dll
0x00007ffc6b890000 - 0x00007ffc6b8a9000 	C:\Users\souvik\AppData\Local\jdk-11.0.2\bin\net.dll
0x00007ffcac4f0000 - 0x00007ffcac627000 	C:\WINDOWS\SYSTEM32\WINHTTP.dll
0x00007ffca2830000 - 0x00007ffca2a20000 	C:\WINDOWS\SYSTEM32\urlmon.dll
0x00007ffcb1be0000 - 0x00007ffcb1bec000 	C:\WINDOWS\SYSTEM32\netutils.dll
0x00007ffca7a10000 - 0x00007ffca7a39000 	C:\WINDOWS\SYSTEM32\srvcli.dll
0x00007ffca3dd0000 - 0x00007ffca408c000 	C:\WINDOWS\SYSTEM32\iertutil.dll
0x00007ffcb2730000 - 0x00007ffcb2799000 	C:\WINDOWS\system32\mswsock.dll
0x00007ffc6a6c0000 - 0x00007ffc6a6d3000 	C:\Users\souvik\AppData\Local\jdk-11.0.2\bin\nio.dll
0x00007ffca5000000 - 0x00007ffca5027000 	C:\Users\souvik\.gradle\native\68d5fa5c4cc2d200863cafc0d521ce42e7d3e7ee720ec0a83991735586a16f82\windows-amd64\native-platform.dll
0x00007ffc4e5b0000 - 0x00007ffc4e6f4000 	C:\Users\souvik\.gradle\native\e376f236ea51e6404a007f0833ffe2c6e607c4080706a723a18a27aeea778392\windows-amd64\native-platform-file-events.dll
0x00007ffc96aa0000 - 0x00007ffc96aa9000 	C:\Users\souvik\AppData\Local\jdk-11.0.2\bin\management.dll
0x00007ffc92390000 - 0x00007ffc9239c000 	C:\Users\souvik\AppData\Local\jdk-11.0.2\bin\management_ext.dll
0x00007ffcb2980000 - 0x00007ffcb299b000 	C:\WINDOWS\SYSTEM32\CRYPTSP.dll
0x00007ffcb2210000 - 0x00007ffcb2245000 	C:\WINDOWS\system32\rsaenh.dll
0x00007ffcb2820000 - 0x00007ffcb284c000 	C:\WINDOWS\SYSTEM32\USERENV.dll
0x00007ffcb2b40000 - 0x00007ffcb2b68000 	C:\WINDOWS\SYSTEM32\bcrypt.dll
0x00007ffcb29a0000 - 0x00007ffcb29ac000 	C:\WINDOWS\SYSTEM32\CRYPTBASE.dll
0x00007ffcb1cd0000 - 0x00007ffcb1cfd000 	C:\WINDOWS\SYSTEM32\IPHLPAPI.DLL
0x00007ffcb54e0000 - 0x00007ffcb54e9000 	C:\WINDOWS\System32\NSI.dll
0x00007ffcac230000 - 0x00007ffcac249000 	C:\WINDOWS\SYSTEM32\dhcpcsvc6.DLL
0x00007ffcabaf0000 - 0x00007ffcabb0f000 	C:\WINDOWS\SYSTEM32\dhcpcsvc.DLL
0x00007ffcb1d00000 - 0x00007ffcb1df3000 	C:\WINDOWS\SYSTEM32\DNSAPI.dll

dbghelp: loaded successfully - version: 4.0.5 - missing functions: none
symbol engine: initialized successfully - sym options: 0x614 - pdb path: .;C:\Users\souvik\AppData\Local\jdk-11.0.2\bin;C:\WINDOWS\SYSTEM32;C:\WINDOWS\WinSxS\amd64_microsoft.windows.common-controls_6595b64144ccf1df_6.0.23536.1000_none_efde8a3f93159702;C:\Users\souvik\AppData\Local\jdk-11.0.2\bin\server;C:\Users\souvik\.gradle\native\68d5fa5c4cc2d200863cafc0d521ce42e7d3e7ee720ec0a83991735586a16f82\windows-amd64;C:\Users\souvik\.gradle\native\e376f236ea51e6404a007f0833ffe2c6e607c4080706a723a18a27aeea778392\windows-amd64

VM Arguments:
jvm_args: -XX:MaxMetaspaceSize=512m --add-opens=java.base/java.util=ALL-UNNAMED --add-opens=java.base/java.lang=ALL-UNNAMED --add-opens=java.base/java.lang.invoke=ALL-UNNAMED --add-opens=java.prefs/java.util.prefs=ALL-UNNAMED --add-opens=java.base/java.nio.charset=ALL-UNNAMED --add-opens=java.base/java.net=ALL-UNNAMED --add-opens=java.base/java.util.concurrent.atomic=ALL-UNNAMED -Xmx2048m -Dfile.encoding=utf8 -Duser.country=IN -Duser.language=en -Duser.variant 
java_command: org.gradle.launcher.daemon.bootstrap.GradleDaemon 8.0.1
java_class_path (initial): C:\Users\souvik\.gradle\wrapper\dists\gradle-8.0.1-all\aro4hu1c3oeioove7l0i4i14o\gradle-8.0.1\lib\gradle-launcher-8.0.1.jar
Launcher Type: SUN_STANDARD

[Global flags]
     intx CICompilerCount                          = 3                                         {product} {ergonomic}
   size_t CompressedClassSpaceSize                 = 528482304                                 {product} {ergonomic}
     uint ConcGCThreads                            = 2                                         {product} {ergonomic}
     uint G1ConcRefinementThreads                  = 6                                         {product} {ergonomic}
   size_t G1HeapRegionSize                         = 1048576                                   {product} {ergonomic}
    uintx GCDrainStackTargetSize                   = 64                                        {product} {ergonomic}
   size_t InitialHeapSize                          = 125829120                                 {product} {ergonomic}
   size_t MarkStackSize                            = 4194304                                   {product} {ergonomic}
   size_t MaxHeapSize                              = 2147483648                                {product} {command line}
   size_t MaxMetaspaceSize                         = 536870912                                 {product} {command line}
   size_t MaxNewSize                               = 1287651328                                {product} {ergonomic}
   size_t MinHeapDeltaBytes                        = 1048576                                   {product} {ergonomic}
    uintx NonNMethodCodeHeapSize                   = 5830092                                {pd product} {ergonomic}
    uintx NonProfiledCodeHeapSize                  = 122914074                              {pd product} {ergonomic}
    uintx ProfiledCodeHeapSize                     = 122914074                              {pd product} {ergonomic}
    uintx ReservedCodeCacheSize                    = 251658240                              {pd product} {ergonomic}
     bool SegmentedCodeCache                       = true                                      {product} {ergonomic}
     bool UseCompressedClassPointers               = true                                 {lp64_product} {ergonomic}
     bool UseCompressedOops                        = true                                 {lp64_product} {ergonomic}
     bool UseG1GC                                  = true                                      {product} {ergonomic}
     bool UseLargePagesIndividualAllocation        = false                                  {pd product} {ergonomic}

Logging:
Log output configuration:
 #0: stdout all=warning uptime,level,tags
 #1: stderr all=off uptime,level,tags

Environment Variables:
JAVA_HOME=C:\Users\souvik\AppData\Local\jdk-11.0.2
PATH=C:\Program Files (x86)\VMware\VMware Workstation\bin\;C:\Python311\Scripts\;C:\Python311\;C:\WINDOWS\system32;C:\WINDOWS;C:\WINDOWS\System32\Wbem;C:\WINDOWS\System32\WindowsPowerShell\v1.0\;C:\WINDOWS\System32\OpenSSH\;C:\Program Files\nodejs\;C:\ProgramData\chocolatey\bin;C:\Program Files\Git\cmd;C:\Windows\System32\Wbem;C:\Program Files\Docker\Docker\resources\bin;C:\HashiCorp\Vagrant\bin;C:\Program Files\Git LFS;C:\Users\souvik\AppData\Local\Android\Sdk;C:\Users\souvik\AppData\Local\jdk-11.0.2\bin;C:\Users\souvik\AppData\Local\jdk-11.0.2\bin;C:\Users\souvik\AppData\Local\Android\Sdk\platform-tools;C:\Users\souvik\AppData\Local\Android\Sdk\tools;C:\Users\souvik\AppData\Local\Android\Sdk\platform-tools;C:\Users\souvik\AppData\Local\Android\Sdk\tools;C:\Users\souvik\AppData\Local\Android\Sdk\platform-tools;C:\Users\souvik\AppData\Local\Android\Sdk\tools;C:\Users\souvik\AppData\Local\Microsoft\WindowsApps;C:\Users\souvik\AppData\Roaming\npm;C:\Users\souvik\AppData\Local\Programs\Microsoft VS Code\bin;C:\Users\souvik\Desktop\spark-3.4.1-bin-hadoop3\bin;C:\Users\souvik\Downloads\jdk-20_windows-x64_bin\jdk-20.0.1\bin;
USERNAME=souvik
OS=Windows_NT
PROCESSOR_IDENTIFIER=AMD64 Family 23 Model 96 Stepping 1, AuthenticAMD



---------------  S Y S T E M  ---------------

OS: Windows 10 , 64 bit Build 23536 (10.0.23536.1000)

CPU:total 6 (initial active 6) (6 cores per cpu, 1 threads per core) family 23 model 96 stepping 1, cmov, cx8, fxsr, mmx, sse, sse2, sse3, ssse3, sse4.1, sse4.2, popcnt, avx, avx2, aes, clmul, mmxext, 3dnowpref, lzcnt, sse4a, tsc, tscinvbit, tscinv, bmi1, bmi2, adx, sha, fma

Memory: 4k page, system-wide physical 7600M (501M free)
TotalPageFile size 31152M (AvailPageFile size 4M)
current process WorkingSet (physical memory assigned to process): 520M, peak: 522M
current process commit charge ("private bytes"): 695M, peak: 696M

vm_info: OpenJDK 64-Bit Server VM (11.0.2+9) for windows-amd64 JRE (11.0.2+9), built on Jan 18 2019 05:23:22 by "mach5one" with MS VC++ 15.5 (VS2017)

END.
